{
  "time": "2025-11-14T14:34:52.383Z",
  "ip": "::ffff:127.0.0.1",
  "body": {
    "order_sn": "ORD17631308342211259",
    "money": "10000",
    "pay_time": "2025-11-14 22:34:49",
    "status": "1",
    "msg": "success",
    "remark": "9639639631",
    "sign": "EB9814031EF9CA06C5878F38CE018E50"
  }
}
{
  "time": "2025-11-14T14:35:23.377Z",
  "ip": "::ffff:127.0.0.1",
  "body": {
    "order_sn": "ORD17631308342211259",
    "money": "10000",
    "pay_time": "2025-11-14 22:34:49",
    "status": "1",
    "msg": "success",
    "remark": "9639639631",
    "sign": "EB9814031EF9CA06C5878F38CE018E50"
  }
}
{
  "time": "2025-11-14T14:36:25.350Z",
  "ip": "::ffff:127.0.0.1",
  "body": {
    "order_sn": "ORD17631308342211259",
    "money": "10000",
    "pay_time": "2025-11-14 22:34:49",
    "status": "1",
    "msg": "success",
    "remark": "9639639631",
    "sign": "EB9814031EF9CA06C5878F38CE018E50"
  }
}
