{
  "time": "2025-11-28T12:02:54.838Z",
  "ip": "::ffff:127.0.0.1",
  "body": {
    "partnerKey": "VEVLCYjd+MQtzVY9MuSSdkN3XAItzba3PXfzifH8uGTz1Mvotq2l47zH8dbt4YB7R9Yp+BaoooE=",
    "user": {
      "id": "6337761",
      "currency": "INR"
    },
    "gameData": {
      "providerCode": "DC",
      "providerTransactionId": "6855e7cf-433b-44ac-a691-e9711b4197a5",
      "gameCode": "151165",
      "description": "bet",
      "providerRoundId": "a1960f67-8769-40b8-929a-e478d5ce0947"
    },
    "transactionData": {
      "id": "1005173741",
      "amount": 10,
      "referenceId": ""
    },
    "timestamp": "1764331373404"
  }
}
{
  "time": "2025-11-28T12:02:54.841Z",
  "ip": "104.192.0.106",
  "body": {
    "partnerKey": "VEVLCYjd+MQtzVY9MuSSdkN3XAItzba3PXfzifH8uGTz1Mvotq2l47zH8dbt4YB7R9Yp+BaoooE=",
    "user": {
      "id": "6337761",
      "currency": "INR"
    },
    "gameData": {
      "providerCode": "DC",
      "providerTransactionId": "6855e7cf-433b-44ac-a691-e9711b4197a5",
      "gameCode": "151165",
      "description": "bet",
      "providerRoundId": "a1960f67-8769-40b8-929a-e478d5ce0947"
    },
    "transactionData": {
      "id": "1005173741",
      "amount": 10,
      "referenceId": ""
    },
    "timestamp": "1764331373404"
  },
  "response": {
    "partnerKey": "VEVLCYjd+MQtzVY9MuSSdkN3XAItzba3PXfzifH8uGTz1Mvotq2l47zH8dbt4YB7R9Yp+BaoooE=",
    "timestamp": "1764331374841",
    "userId": "6337761",
    "balance": 34.32,
    "status": {
      "code": "SUCCESS",
      "message": ""
    }
  }
}
{
  "time": "2025-11-28T14:27:41.249Z",
  "ip": "::ffff:127.0.0.1",
  "body": {
    "partnerKey": "Gq1FOuQKNaVsr3PtaSgDlnKTa1o48U2jROX6fLVhf4Klzh2RgHIuFMUFGVR3PEkhwHRgBipsY1A=",
    "user": {
      "id": "0954609",
      "currency": "LKR"
    },
    "gameData": {
      "providerCode": "SPB",
      "providerTransactionId": "SPRBAPACAV131172504258",
      "gameCode": "aviator",
      "description": "bet",
      "providerRoundId": "4070902"
    },
    "transactionData": {
      "id": "1005277255",
      "amount": 20,
      "referenceId": ""
    },
    "timestamp": "1764340058637"
  }
}
{
  "time": "2025-11-28T14:27:41.251Z",
  "ip": "104.192.0.106",
  "body": {
    "partnerKey": "Gq1FOuQKNaVsr3PtaSgDlnKTa1o48U2jROX6fLVhf4Klzh2RgHIuFMUFGVR3PEkhwHRgBipsY1A=",
    "user": {
      "id": "0954609",
      "currency": "LKR"
    },
    "gameData": {
      "providerCode": "SPB",
      "providerTransactionId": "SPRBAPACAV131172504258",
      "gameCode": "aviator",
      "description": "bet",
      "providerRoundId": "4070902"
    },
    "transactionData": {
      "id": "1005277255",
      "amount": 20,
      "referenceId": ""
    },
    "timestamp": "1764340058637"
  },
  "response": {
    "partnerKey": "Gq1FOuQKNaVsr3PtaSgDlnKTa1o48U2jROX6fLVhf4Klzh2RgHIuFMUFGVR3PEkhwHRgBipsY1A=",
    "timestamp": "1764340061251",
    "userId": "0954609",
    "balance": 30,
    "status": {
      "code": "SUCCESS",
      "message": ""
    }
  }
}
{
  "time": "2025-11-28T14:27:59.060Z",
  "ip": "::ffff:127.0.0.1",
  "body": {
    "partnerKey": "Gq1FOuQKNaVsr3PtaSgDlnKTa1o48U2jROX6fLVhf4Klzh2RgHIuFMUFGVR3PEkhwHRgBipsY1A=",
    "user": {
      "id": "0954609",
      "currency": "LKR"
    },
    "gameData": {
      "providerCode": "SPB",
      "providerTransactionId": "SPRBAPACAV131172620634",
      "gameCode": "aviator",
      "description": "bet",
      "providerRoundId": "4070903"
    },
    "transactionData": {
      "id": "1005277544",
      "amount": 20,
      "referenceId": ""
    },
    "timestamp": "1764340076533"
  }
}
{
  "time": "2025-11-28T14:27:59.063Z",
  "ip": "104.192.0.106",
  "body": {
    "partnerKey": "Gq1FOuQKNaVsr3PtaSgDlnKTa1o48U2jROX6fLVhf4Klzh2RgHIuFMUFGVR3PEkhwHRgBipsY1A=",
    "user": {
      "id": "0954609",
      "currency": "LKR"
    },
    "gameData": {
      "providerCode": "SPB",
      "providerTransactionId": "SPRBAPACAV131172620634",
      "gameCode": "aviator",
      "description": "bet",
      "providerRoundId": "4070903"
    },
    "transactionData": {
      "id": "1005277544",
      "amount": 20,
      "referenceId": ""
    },
    "timestamp": "1764340076533"
  },
  "response": {
    "partnerKey": "Gq1FOuQKNaVsr3PtaSgDlnKTa1o48U2jROX6fLVhf4Klzh2RgHIuFMUFGVR3PEkhwHRgBipsY1A=",
    "timestamp": "1764340079063",
    "userId": "0954609",
    "balance": 10,
    "status": {
      "code": "SUCCESS",
      "message": ""
    }
  }
}
