{
  "time": "2025-11-12T15:37:41.743Z",
  "ip": "::ffff:127.0.0.1",
  "body": {
    "partnerKey": "VEVLCYjd+MQtzVY9MuSSdkN3XAItzba3PXfzifH8uGTz1Mvotq2l47zH8dbt4YB7R9Yp+BaoooE=",
    "user": {
      "id": "2182474",
      "currency": "INR"
    },
    "gameData": {
      "providerCode": "EVZ",
      "providerTransactionId": "De7b5d964-c011-48ca-85b6-3a957aef3133",
      "gameCode": "1000123",
      "description": "bet",
      "providerRoundId": "9461303808"
    },
    "transactionData": {
      "id": "991254998",
      "amount": 30,
      "referenceId": ""
    },
    "timestamp": "1762961859868"
  }
}
{
  "time": "2025-11-12T15:37:41.746Z",
  "ip": "104.192.0.106",
  "body": {
    "partnerKey": "VEVLCYjd+MQtzVY9MuSSdkN3XAItzba3PXfzifH8uGTz1Mvotq2l47zH8dbt4YB7R9Yp+BaoooE=",
    "user": {
      "id": "2182474",
      "currency": "INR"
    },
    "gameData": {
      "providerCode": "EVZ",
      "providerTransactionId": "De7b5d964-c011-48ca-85b6-3a957aef3133",
      "gameCode": "1000123",
      "description": "bet",
      "providerRoundId": "9461303808"
    },
    "transactionData": {
      "id": "991254998",
      "amount": 30,
      "referenceId": ""
    },
    "timestamp": "1762961859868"
  },
  "response": {
    "partnerKey": "VEVLCYjd+MQtzVY9MuSSdkN3XAItzba3PXfzifH8uGTz1Mvotq2l47zH8dbt4YB7R9Yp+BaoooE=",
    "timestamp": "1762961861746",
    "userId": "2182474",
    "balance": 20,
    "status": {
      "code": "SUCCESS",
      "message": ""
    }
  }
}
{
  "time": "2025-11-12T15:38:30.685Z",
  "ip": "::ffff:127.0.0.1",
  "body": {
    "partnerKey": "VEVLCYjd+MQtzVY9MuSSdkN3XAItzba3PXfzifH8uGTz1Mvotq2l47zH8dbt4YB7R9Yp+BaoooE=",
    "user": {
      "id": "2182474",
      "currency": "INR"
    },
    "gameData": {
      "providerCode": "EVZ",
      "providerTransactionId": "De89abc29-444f-41fb-aeea-d43ac3e1a4af",
      "gameCode": "1000123",
      "description": "bet",
      "providerRoundId": "9461311860"
    },
    "transactionData": {
      "id": "991255844",
      "amount": 20,
      "referenceId": ""
    },
    "timestamp": "1762961908948"
  }
}
{
  "time": "2025-11-12T15:38:30.687Z",
  "ip": "104.192.0.106",
  "body": {
    "partnerKey": "VEVLCYjd+MQtzVY9MuSSdkN3XAItzba3PXfzifH8uGTz1Mvotq2l47zH8dbt4YB7R9Yp+BaoooE=",
    "user": {
      "id": "2182474",
      "currency": "INR"
    },
    "gameData": {
      "providerCode": "EVZ",
      "providerTransactionId": "De89abc29-444f-41fb-aeea-d43ac3e1a4af",
      "gameCode": "1000123",
      "description": "bet",
      "providerRoundId": "9461311860"
    },
    "transactionData": {
      "id": "991255844",
      "amount": 20,
      "referenceId": ""
    },
    "timestamp": "1762961908948"
  },
  "response": {
    "partnerKey": "VEVLCYjd+MQtzVY9MuSSdkN3XAItzba3PXfzifH8uGTz1Mvotq2l47zH8dbt4YB7R9Yp+BaoooE=",
    "timestamp": "1762961910687",
    "userId": "2182474",
    "balance": 0,
    "status": {
      "code": "SUCCESS",
      "message": ""
    }
  }
}
