{
  "time": "2025-11-24T11:50:40.656Z",
  "ip": "::ffff:127.0.0.1",
  "body": {
    "partnerKey": "Gq1FOuQKNaVsr3PtaSgDlnKTa1o48U2jROX6fLVhf4Klzh2RgHIuFMUFGVR3PEkhwHRgBipsY1A=",
    "userId": "6337761",
    "timestamp": "1763985038718"
  }
}
{
  "time": "2025-11-24T11:50:40.657Z",
  "ip": "104.192.0.106",
  "body": {
    "partnerKey": "Gq1FOuQKNaVsr3PtaSgDlnKTa1o48U2jROX6fLVhf4Klzh2RgHIuFMUFGVR3PEkhwHRgBipsY1A=",
    "userId": "6337761",
    "timestamp": "1763985038718"
  },
  "response": {
    "partnerKey": "Gq1FOuQKNaVsr3PtaSgDlnKTa1o48U2jROX6fLVhf4Klzh2RgHIuFMUFGVR3PEkhwHRgBipsY1A=",
    "timestamp": "1763985040657",
    "userId": "6337761",
    "balance": 564,
    "status": {
      "code": "SUCCESS",
      "message": ""
    }
  }
}
{
  "time": "2025-11-24T11:51:00.093Z",
  "ip": "::ffff:127.0.0.1",
  "body": {
    "partnerKey": "Gq1FOuQKNaVsr3PtaSgDlnKTa1o48U2jROX6fLVhf4Klzh2RgHIuFMUFGVR3PEkhwHRgBipsY1A=",
    "userId": "6337761",
    "timestamp": "1763985058183"
  }
}
{
  "time": "2025-11-24T11:51:00.094Z",
  "ip": "104.192.0.106",
  "body": {
    "partnerKey": "Gq1FOuQKNaVsr3PtaSgDlnKTa1o48U2jROX6fLVhf4Klzh2RgHIuFMUFGVR3PEkhwHRgBipsY1A=",
    "userId": "6337761",
    "timestamp": "1763985058183"
  },
  "response": {
    "partnerKey": "Gq1FOuQKNaVsr3PtaSgDlnKTa1o48U2jROX6fLVhf4Klzh2RgHIuFMUFGVR3PEkhwHRgBipsY1A=",
    "timestamp": "1763985060094",
    "userId": "6337761",
    "balance": 564,
    "status": {
      "code": "SUCCESS",
      "message": ""
    }
  }
}
