{
  "time": "2025-11-17T08:07:34.594Z",
  "ip": "::ffff:127.0.0.1",
  "body": {
    "partnerKey": "Gq1FOuQKNaVsr3PtaSgDlnKTa1o48U2jROX6fLVhf4Klzh2RgHIuFMUFGVR3PEkhwHRgBipsY1A=",
    "user": {
      "id": "15936",
      "currency": "LKR"
    },
    "gameData": {
      "providerCode": "QT",
      "providerTransactionId": "691ad7c490800e00017dde6c",
      "gameCode": "TRB-aero",
      "description": "bet",
      "providerRoundId": "691ad7c490800e00017dde6b"
    },
    "transactionData": {
      "id": "995670177",
      "amount": 210.3,
      "referenceId": ""
    },
    "timestamp": "1763366852917"
  }
}
{
  "time": "2025-11-17T08:07:34.597Z",
  "ip": "104.192.0.106",
  "body": {
    "partnerKey": "Gq1FOuQKNaVsr3PtaSgDlnKTa1o48U2jROX6fLVhf4Klzh2RgHIuFMUFGVR3PEkhwHRgBipsY1A=",
    "user": {
      "id": "15936",
      "currency": "LKR"
    },
    "gameData": {
      "providerCode": "QT",
      "providerTransactionId": "691ad7c490800e00017dde6c",
      "gameCode": "TRB-aero",
      "description": "bet",
      "providerRoundId": "691ad7c490800e00017dde6b"
    },
    "transactionData": {
      "id": "995670177",
      "amount": 210.3,
      "referenceId": ""
    },
    "timestamp": "1763366852917"
  },
  "response": {
    "partnerKey": "Gq1FOuQKNaVsr3PtaSgDlnKTa1o48U2jROX6fLVhf4Klzh2RgHIuFMUFGVR3PEkhwHRgBipsY1A=",
    "timestamp": "1763366854597",
    "userId": "15936",
    "balance": 0,
    "status": {
      "code": "SUCCESS",
      "message": ""
    }
  }
}
{
  "time": "2025-11-17T08:07:43.899Z",
  "ip": "::ffff:127.0.0.1",
  "body": {
    "partnerKey": "Gq1FOuQKNaVsr3PtaSgDlnKTa1o48U2jROX6fLVhf4Klzh2RgHIuFMUFGVR3PEkhwHRgBipsY1A=",
    "user": {
      "id": "15936",
      "currency": "LKR"
    },
    "gameData": {
      "providerCode": "QT",
      "providerTransactionId": "691ad7ce90800e00017de595",
      "gameCode": "TRB-aero",
      "description": "cancel",
      "providerRoundId": "691ad7c490800e00017dde6b"
    },
    "transactionData": {
      "id": "995670302",
      "amount": 210.3,
      "referenceId": "995670177"
    },
    "timestamp": "1763366862041"
  }
}
{
  "time": "2025-11-17T08:07:43.903Z",
  "ip": "104.192.0.106",
  "body": {
    "partnerKey": "Gq1FOuQKNaVsr3PtaSgDlnKTa1o48U2jROX6fLVhf4Klzh2RgHIuFMUFGVR3PEkhwHRgBipsY1A=",
    "user": {
      "id": "15936",
      "currency": "LKR"
    },
    "gameData": {
      "providerCode": "QT",
      "providerTransactionId": "691ad7ce90800e00017de595",
      "gameCode": "TRB-aero",
      "description": "cancel",
      "providerRoundId": "691ad7c490800e00017dde6b"
    },
    "transactionData": {
      "id": "995670302",
      "amount": 210.3,
      "referenceId": "995670177"
    },
    "timestamp": "1763366862041"
  },
  "response": {
    "partnerKey": "Gq1FOuQKNaVsr3PtaSgDlnKTa1o48U2jROX6fLVhf4Klzh2RgHIuFMUFGVR3PEkhwHRgBipsY1A=",
    "timestamp": "1763366863903",
    "userId": "15936",
    "balance": -210.3,
    "status": {
      "code": "SUCCESS",
      "message": ""
    }
  }
}
{
  "time": "2025-11-17T13:09:29.660Z",
  "ip": "::ffff:127.0.0.1",
  "body": {
    "partnerKey": "VEVLCYjd+MQtzVY9MuSSdkN3XAItzba3PXfzifH8uGTz1Mvotq2l47zH8dbt4YB7R9Yp+BaoooE=",
    "user": {
      "id": "1903138",
      "currency": "INR"
    },
    "gameData": {
      "providerCode": "DC",
      "providerTransactionId": "7de391d6-4001-4e8b-a3ca-833eafa6f903",
      "gameCode": "151080",
      "description": "bet",
      "providerRoundId": "1a4c7272-cdbc-4841-8662-59e820bdd42e"
    },
    "transactionData": {
      "id": "995898179",
      "amount": 10,
      "referenceId": ""
    },
    "timestamp": "1763384967961"
  }
}
{
  "time": "2025-11-17T13:09:29.673Z",
  "ip": "104.192.0.106",
  "body": {
    "partnerKey": "VEVLCYjd+MQtzVY9MuSSdkN3XAItzba3PXfzifH8uGTz1Mvotq2l47zH8dbt4YB7R9Yp+BaoooE=",
    "user": {
      "id": "1903138",
      "currency": "INR"
    },
    "gameData": {
      "providerCode": "DC",
      "providerTransactionId": "7de391d6-4001-4e8b-a3ca-833eafa6f903",
      "gameCode": "151080",
      "description": "bet",
      "providerRoundId": "1a4c7272-cdbc-4841-8662-59e820bdd42e"
    },
    "transactionData": {
      "id": "995898179",
      "amount": 10,
      "referenceId": ""
    },
    "timestamp": "1763384967961"
  },
  "response": {
    "partnerKey": "VEVLCYjd+MQtzVY9MuSSdkN3XAItzba3PXfzifH8uGTz1Mvotq2l47zH8dbt4YB7R9Yp+BaoooE=",
    "timestamp": "1763384969673",
    "userId": "1903138",
    "balance": 40,
    "status": {
      "code": "SUCCESS",
      "message": ""
    }
  }
}
{
  "time": "2025-11-17T13:09:45.213Z",
  "ip": "::ffff:127.0.0.1",
  "body": {
    "partnerKey": "VEVLCYjd+MQtzVY9MuSSdkN3XAItzba3PXfzifH8uGTz1Mvotq2l47zH8dbt4YB7R9Yp+BaoooE=",
    "user": {
      "id": "1903138",
      "currency": "INR"
    },
    "gameData": {
      "providerCode": "DC",
      "providerTransactionId": "45b5fd65-7002-4ba7-bfec-4f78ab5104f1",
      "gameCode": "151080",
      "description": "bet",
      "providerRoundId": "3a3e2f98-8ebb-4f40-becd-d3194c89a1c1"
    },
    "transactionData": {
      "id": "995898395",
      "amount": 10,
      "referenceId": ""
    },
    "timestamp": "1763384983416"
  }
}
{
  "time": "2025-11-17T13:09:45.215Z",
  "ip": "104.192.0.106",
  "body": {
    "partnerKey": "VEVLCYjd+MQtzVY9MuSSdkN3XAItzba3PXfzifH8uGTz1Mvotq2l47zH8dbt4YB7R9Yp+BaoooE=",
    "user": {
      "id": "1903138",
      "currency": "INR"
    },
    "gameData": {
      "providerCode": "DC",
      "providerTransactionId": "45b5fd65-7002-4ba7-bfec-4f78ab5104f1",
      "gameCode": "151080",
      "description": "bet",
      "providerRoundId": "3a3e2f98-8ebb-4f40-becd-d3194c89a1c1"
    },
    "transactionData": {
      "id": "995898395",
      "amount": 10,
      "referenceId": ""
    },
    "timestamp": "1763384983416"
  },
  "response": {
    "partnerKey": "VEVLCYjd+MQtzVY9MuSSdkN3XAItzba3PXfzifH8uGTz1Mvotq2l47zH8dbt4YB7R9Yp+BaoooE=",
    "timestamp": "1763384985215",
    "userId": "1903138",
    "balance": 30,
    "status": {
      "code": "SUCCESS",
      "message": ""
    }
  }
}
{
  "time": "2025-11-17T13:09:57.621Z",
  "ip": "::ffff:127.0.0.1",
  "body": {
    "partnerKey": "VEVLCYjd+MQtzVY9MuSSdkN3XAItzba3PXfzifH8uGTz1Mvotq2l47zH8dbt4YB7R9Yp+BaoooE=",
    "user": {
      "id": "1903138",
      "currency": "INR"
    },
    "gameData": {
      "providerCode": "DC",
      "providerTransactionId": "7b6e7177-7812-4a52-b56c-5fb206ed60a8",
      "gameCode": "151080",
      "description": "bet",
      "providerRoundId": "a378a9af-23ba-499f-a336-ccf159cd45b2"
    },
    "transactionData": {
      "id": "995898547",
      "amount": 10,
      "referenceId": ""
    },
    "timestamp": "1763384996060"
  }
}
{
  "time": "2025-11-17T13:09:57.623Z",
  "ip": "104.192.0.106",
  "body": {
    "partnerKey": "VEVLCYjd+MQtzVY9MuSSdkN3XAItzba3PXfzifH8uGTz1Mvotq2l47zH8dbt4YB7R9Yp+BaoooE=",
    "user": {
      "id": "1903138",
      "currency": "INR"
    },
    "gameData": {
      "providerCode": "DC",
      "providerTransactionId": "7b6e7177-7812-4a52-b56c-5fb206ed60a8",
      "gameCode": "151080",
      "description": "bet",
      "providerRoundId": "a378a9af-23ba-499f-a336-ccf159cd45b2"
    },
    "transactionData": {
      "id": "995898547",
      "amount": 10,
      "referenceId": ""
    },
    "timestamp": "1763384996060"
  },
  "response": {
    "partnerKey": "VEVLCYjd+MQtzVY9MuSSdkN3XAItzba3PXfzifH8uGTz1Mvotq2l47zH8dbt4YB7R9Yp+BaoooE=",
    "timestamp": "1763384997623",
    "userId": "1903138",
    "balance": 20,
    "status": {
      "code": "SUCCESS",
      "message": ""
    }
  }
}
{
  "time": "2025-11-17T13:10:05.321Z",
  "ip": "::ffff:127.0.0.1",
  "body": {
    "partnerKey": "VEVLCYjd+MQtzVY9MuSSdkN3XAItzba3PXfzifH8uGTz1Mvotq2l47zH8dbt4YB7R9Yp+BaoooE=",
    "user": {
      "id": "1903138",
      "currency": "INR"
    },
    "gameData": {
      "providerCode": "DC",
      "providerTransactionId": "f28dee2b-5233-4952-a89e-c4dbd3e8c04c",
      "gameCode": "151080",
      "description": "bet",
      "providerRoundId": "94cbf1dd-1662-4059-b7d3-31ebc96d9483"
    },
    "transactionData": {
      "id": "995898653",
      "amount": 10,
      "referenceId": ""
    },
    "timestamp": "1763385003529"
  }
}
{
  "time": "2025-11-17T13:10:05.324Z",
  "ip": "104.192.0.106",
  "body": {
    "partnerKey": "VEVLCYjd+MQtzVY9MuSSdkN3XAItzba3PXfzifH8uGTz1Mvotq2l47zH8dbt4YB7R9Yp+BaoooE=",
    "user": {
      "id": "1903138",
      "currency": "INR"
    },
    "gameData": {
      "providerCode": "DC",
      "providerTransactionId": "f28dee2b-5233-4952-a89e-c4dbd3e8c04c",
      "gameCode": "151080",
      "description": "bet",
      "providerRoundId": "94cbf1dd-1662-4059-b7d3-31ebc96d9483"
    },
    "transactionData": {
      "id": "995898653",
      "amount": 10,
      "referenceId": ""
    },
    "timestamp": "1763385003529"
  },
  "response": {
    "partnerKey": "VEVLCYjd+MQtzVY9MuSSdkN3XAItzba3PXfzifH8uGTz1Mvotq2l47zH8dbt4YB7R9Yp+BaoooE=",
    "timestamp": "1763385005324",
    "userId": "1903138",
    "balance": 10,
    "status": {
      "code": "SUCCESS",
      "message": ""
    }
  }
}
{
  "time": "2025-11-17T13:10:12.534Z",
  "ip": "::ffff:127.0.0.1",
  "body": {
    "partnerKey": "VEVLCYjd+MQtzVY9MuSSdkN3XAItzba3PXfzifH8uGTz1Mvotq2l47zH8dbt4YB7R9Yp+BaoooE=",
    "user": {
      "id": "1903138",
      "currency": "INR"
    },
    "gameData": {
      "providerCode": "DC",
      "providerTransactionId": "0c934299-2813-48c8-9e20-c4a77cb2856b",
      "gameCode": "151080",
      "description": "bet",
      "providerRoundId": "ede74df1-d222-47e1-8e71-55973e825772"
    },
    "transactionData": {
      "id": "995898725",
      "amount": 10,
      "referenceId": ""
    },
    "timestamp": "1763385010816"
  }
}
{
  "time": "2025-11-17T13:10:12.538Z",
  "ip": "104.192.0.106",
  "body": {
    "partnerKey": "VEVLCYjd+MQtzVY9MuSSdkN3XAItzba3PXfzifH8uGTz1Mvotq2l47zH8dbt4YB7R9Yp+BaoooE=",
    "user": {
      "id": "1903138",
      "currency": "INR"
    },
    "gameData": {
      "providerCode": "DC",
      "providerTransactionId": "0c934299-2813-48c8-9e20-c4a77cb2856b",
      "gameCode": "151080",
      "description": "bet",
      "providerRoundId": "ede74df1-d222-47e1-8e71-55973e825772"
    },
    "transactionData": {
      "id": "995898725",
      "amount": 10,
      "referenceId": ""
    },
    "timestamp": "1763385010816"
  },
  "response": {
    "partnerKey": "VEVLCYjd+MQtzVY9MuSSdkN3XAItzba3PXfzifH8uGTz1Mvotq2l47zH8dbt4YB7R9Yp+BaoooE=",
    "timestamp": "1763385012538",
    "userId": "1903138",
    "balance": 0,
    "status": {
      "code": "SUCCESS",
      "message": ""
    }
  }
}
{
  "time": "2025-11-17T13:11:12.632Z",
  "ip": "::ffff:127.0.0.1",
  "body": {
    "partnerKey": "VEVLCYjd+MQtzVY9MuSSdkN3XAItzba3PXfzifH8uGTz1Mvotq2l47zH8dbt4YB7R9Yp+BaoooE=",
    "user": {
      "id": "1903138",
      "currency": "INR"
    },
    "gameData": {
      "providerCode": "DC",
      "providerTransactionId": "149f56eb-1cd2-4f05-9dc0-19f72323a828",
      "gameCode": "151080",
      "description": "bet",
      "providerRoundId": "757d8c0e-ceb6-4925-9e33-cbcdfddc3450"
    },
    "transactionData": {
      "id": "995899299",
      "amount": 10,
      "referenceId": ""
    },
    "timestamp": "1763385070892"
  }
}
{
  "time": "2025-11-17T13:11:12.634Z",
  "ip": "104.192.0.106",
  "body": {
    "partnerKey": "VEVLCYjd+MQtzVY9MuSSdkN3XAItzba3PXfzifH8uGTz1Mvotq2l47zH8dbt4YB7R9Yp+BaoooE=",
    "user": {
      "id": "1903138",
      "currency": "INR"
    },
    "gameData": {
      "providerCode": "DC",
      "providerTransactionId": "149f56eb-1cd2-4f05-9dc0-19f72323a828",
      "gameCode": "151080",
      "description": "bet",
      "providerRoundId": "757d8c0e-ceb6-4925-9e33-cbcdfddc3450"
    },
    "transactionData": {
      "id": "995899299",
      "amount": 10,
      "referenceId": ""
    },
    "timestamp": "1763385070892"
  },
  "response": {
    "partnerKey": "VEVLCYjd+MQtzVY9MuSSdkN3XAItzba3PXfzifH8uGTz1Mvotq2l47zH8dbt4YB7R9Yp+BaoooE=",
    "timestamp": "1763385072634",
    "userId": "1903138",
    "balance": 63.5,
    "status": {
      "code": "SUCCESS",
      "message": ""
    }
  }
}
{
  "time": "2025-11-17T13:11:18.085Z",
  "ip": "::ffff:127.0.0.1",
  "body": {
    "partnerKey": "VEVLCYjd+MQtzVY9MuSSdkN3XAItzba3PXfzifH8uGTz1Mvotq2l47zH8dbt4YB7R9Yp+BaoooE=",
    "user": {
      "id": "1903138",
      "currency": "INR"
    },
    "gameData": {
      "providerCode": "DC",
      "providerTransactionId": "e481e70d-be39-4d5b-a099-1259f6b03a3e",
      "gameCode": "151080",
      "description": "bet",
      "providerRoundId": "416c56df-9914-48b3-a823-04c37cbbedd1"
    },
    "transactionData": {
      "id": "995899369",
      "amount": 10,
      "referenceId": ""
    },
    "timestamp": "1763385076369"
  }
}
{
  "time": "2025-11-17T13:11:18.088Z",
  "ip": "104.192.0.106",
  "body": {
    "partnerKey": "VEVLCYjd+MQtzVY9MuSSdkN3XAItzba3PXfzifH8uGTz1Mvotq2l47zH8dbt4YB7R9Yp+BaoooE=",
    "user": {
      "id": "1903138",
      "currency": "INR"
    },
    "gameData": {
      "providerCode": "DC",
      "providerTransactionId": "e481e70d-be39-4d5b-a099-1259f6b03a3e",
      "gameCode": "151080",
      "description": "bet",
      "providerRoundId": "416c56df-9914-48b3-a823-04c37cbbedd1"
    },
    "transactionData": {
      "id": "995899369",
      "amount": 10,
      "referenceId": ""
    },
    "timestamp": "1763385076369"
  },
  "response": {
    "partnerKey": "VEVLCYjd+MQtzVY9MuSSdkN3XAItzba3PXfzifH8uGTz1Mvotq2l47zH8dbt4YB7R9Yp+BaoooE=",
    "timestamp": "1763385078088",
    "userId": "1903138",
    "balance": 53.5,
    "status": {
      "code": "SUCCESS",
      "message": ""
    }
  }
}
{
  "time": "2025-11-17T13:11:24.525Z",
  "ip": "::ffff:127.0.0.1",
  "body": {
    "partnerKey": "VEVLCYjd+MQtzVY9MuSSdkN3XAItzba3PXfzifH8uGTz1Mvotq2l47zH8dbt4YB7R9Yp+BaoooE=",
    "user": {
      "id": "1903138",
      "currency": "INR"
    },
    "gameData": {
      "providerCode": "DC",
      "providerTransactionId": "b887400f-38cc-4af6-8a81-8bf9a1cf27f6",
      "gameCode": "151080",
      "description": "bet",
      "providerRoundId": "432e1063-eaaa-4722-b928-f831901a566a"
    },
    "transactionData": {
      "id": "995899424",
      "amount": 10,
      "referenceId": ""
    },
    "timestamp": "1763385082819"
  }
}
{
  "time": "2025-11-17T13:11:24.527Z",
  "ip": "104.192.0.106",
  "body": {
    "partnerKey": "VEVLCYjd+MQtzVY9MuSSdkN3XAItzba3PXfzifH8uGTz1Mvotq2l47zH8dbt4YB7R9Yp+BaoooE=",
    "user": {
      "id": "1903138",
      "currency": "INR"
    },
    "gameData": {
      "providerCode": "DC",
      "providerTransactionId": "b887400f-38cc-4af6-8a81-8bf9a1cf27f6",
      "gameCode": "151080",
      "description": "bet",
      "providerRoundId": "432e1063-eaaa-4722-b928-f831901a566a"
    },
    "transactionData": {
      "id": "995899424",
      "amount": 10,
      "referenceId": ""
    },
    "timestamp": "1763385082819"
  },
  "response": {
    "partnerKey": "VEVLCYjd+MQtzVY9MuSSdkN3XAItzba3PXfzifH8uGTz1Mvotq2l47zH8dbt4YB7R9Yp+BaoooE=",
    "timestamp": "1763385084527",
    "userId": "1903138",
    "balance": 43.5,
    "status": {
      "code": "SUCCESS",
      "message": ""
    }
  }
}
{
  "time": "2025-11-17T13:11:31.989Z",
  "ip": "::ffff:127.0.0.1",
  "body": {
    "partnerKey": "VEVLCYjd+MQtzVY9MuSSdkN3XAItzba3PXfzifH8uGTz1Mvotq2l47zH8dbt4YB7R9Yp+BaoooE=",
    "user": {
      "id": "1903138",
      "currency": "INR"
    },
    "gameData": {
      "providerCode": "DC",
      "providerTransactionId": "f2e61396-ea12-44f9-b5ec-f782e1df6cbb",
      "gameCode": "151080",
      "description": "bet",
      "providerRoundId": "ea0b11d7-ec77-4d7c-bfdc-1ff668d37c88"
    },
    "transactionData": {
      "id": "995899499",
      "amount": 10,
      "referenceId": ""
    },
    "timestamp": "1763385090308"
  }
}
{
  "time": "2025-11-17T13:11:31.992Z",
  "ip": "104.192.0.106",
  "body": {
    "partnerKey": "VEVLCYjd+MQtzVY9MuSSdkN3XAItzba3PXfzifH8uGTz1Mvotq2l47zH8dbt4YB7R9Yp+BaoooE=",
    "user": {
      "id": "1903138",
      "currency": "INR"
    },
    "gameData": {
      "providerCode": "DC",
      "providerTransactionId": "f2e61396-ea12-44f9-b5ec-f782e1df6cbb",
      "gameCode": "151080",
      "description": "bet",
      "providerRoundId": "ea0b11d7-ec77-4d7c-bfdc-1ff668d37c88"
    },
    "transactionData": {
      "id": "995899499",
      "amount": 10,
      "referenceId": ""
    },
    "timestamp": "1763385090308"
  },
  "response": {
    "partnerKey": "VEVLCYjd+MQtzVY9MuSSdkN3XAItzba3PXfzifH8uGTz1Mvotq2l47zH8dbt4YB7R9Yp+BaoooE=",
    "timestamp": "1763385091991",
    "userId": "1903138",
    "balance": 33.5,
    "status": {
      "code": "SUCCESS",
      "message": ""
    }
  }
}
{
  "time": "2025-11-17T13:11:40.596Z",
  "ip": "::ffff:127.0.0.1",
  "body": {
    "partnerKey": "VEVLCYjd+MQtzVY9MuSSdkN3XAItzba3PXfzifH8uGTz1Mvotq2l47zH8dbt4YB7R9Yp+BaoooE=",
    "user": {
      "id": "1903138",
      "currency": "INR"
    },
    "gameData": {
      "providerCode": "DC",
      "providerTransactionId": "b9f65d5f-c4a6-43a3-83a8-8bc2fb158448",
      "gameCode": "151080",
      "description": "bet",
      "providerRoundId": "52875017-ff11-4e4d-bc2e-5b8f2b838d20"
    },
    "transactionData": {
      "id": "995899566",
      "amount": 10,
      "referenceId": ""
    },
    "timestamp": "1763385098873"
  }
}
{
  "time": "2025-11-17T13:11:40.598Z",
  "ip": "104.192.0.106",
  "body": {
    "partnerKey": "VEVLCYjd+MQtzVY9MuSSdkN3XAItzba3PXfzifH8uGTz1Mvotq2l47zH8dbt4YB7R9Yp+BaoooE=",
    "user": {
      "id": "1903138",
      "currency": "INR"
    },
    "gameData": {
      "providerCode": "DC",
      "providerTransactionId": "b9f65d5f-c4a6-43a3-83a8-8bc2fb158448",
      "gameCode": "151080",
      "description": "bet",
      "providerRoundId": "52875017-ff11-4e4d-bc2e-5b8f2b838d20"
    },
    "transactionData": {
      "id": "995899566",
      "amount": 10,
      "referenceId": ""
    },
    "timestamp": "1763385098873"
  },
  "response": {
    "partnerKey": "VEVLCYjd+MQtzVY9MuSSdkN3XAItzba3PXfzifH8uGTz1Mvotq2l47zH8dbt4YB7R9Yp+BaoooE=",
    "timestamp": "1763385100598",
    "userId": "1903138",
    "balance": 23.5,
    "status": {
      "code": "SUCCESS",
      "message": ""
    }
  }
}
{
  "time": "2025-11-17T13:12:01.380Z",
  "ip": "::ffff:127.0.0.1",
  "body": {
    "partnerKey": "VEVLCYjd+MQtzVY9MuSSdkN3XAItzba3PXfzifH8uGTz1Mvotq2l47zH8dbt4YB7R9Yp+BaoooE=",
    "user": {
      "id": "1903138",
      "currency": "INR"
    },
    "gameData": {
      "providerCode": "DC",
      "providerTransactionId": "f21d7041-88a1-4d04-a819-d1fc0f29e993",
      "gameCode": "151080",
      "description": "bet",
      "providerRoundId": "26544228-08eb-4c97-ae65-dc286004742c"
    },
    "transactionData": {
      "id": "995899819",
      "amount": 10,
      "referenceId": ""
    },
    "timestamp": "1763385119686"
  }
}
{
  "time": "2025-11-17T13:12:01.385Z",
  "ip": "104.192.0.106",
  "body": {
    "partnerKey": "VEVLCYjd+MQtzVY9MuSSdkN3XAItzba3PXfzifH8uGTz1Mvotq2l47zH8dbt4YB7R9Yp+BaoooE=",
    "user": {
      "id": "1903138",
      "currency": "INR"
    },
    "gameData": {
      "providerCode": "DC",
      "providerTransactionId": "f21d7041-88a1-4d04-a819-d1fc0f29e993",
      "gameCode": "151080",
      "description": "bet",
      "providerRoundId": "26544228-08eb-4c97-ae65-dc286004742c"
    },
    "transactionData": {
      "id": "995899819",
      "amount": 10,
      "referenceId": ""
    },
    "timestamp": "1763385119686"
  },
  "response": {
    "partnerKey": "VEVLCYjd+MQtzVY9MuSSdkN3XAItzba3PXfzifH8uGTz1Mvotq2l47zH8dbt4YB7R9Yp+BaoooE=",
    "timestamp": "1763385121385",
    "userId": "1903138",
    "balance": 129.5,
    "status": {
      "code": "SUCCESS",
      "message": ""
    }
  }
}
{
  "time": "2025-11-17T13:12:07.186Z",
  "ip": "::ffff:127.0.0.1",
  "body": {
    "partnerKey": "VEVLCYjd+MQtzVY9MuSSdkN3XAItzba3PXfzifH8uGTz1Mvotq2l47zH8dbt4YB7R9Yp+BaoooE=",
    "user": {
      "id": "1903138",
      "currency": "INR"
    },
    "gameData": {
      "providerCode": "DC",
      "providerTransactionId": "91739aff-25dd-4f1d-ab65-45cb52835957",
      "gameCode": "151080",
      "description": "bet",
      "providerRoundId": "3bfabcca-eb02-4474-847a-dcc534619441"
    },
    "transactionData": {
      "id": "995899870",
      "amount": 10,
      "referenceId": ""
    },
    "timestamp": "1763385125358"
  }
}
{
  "time": "2025-11-17T13:12:07.188Z",
  "ip": "104.192.0.106",
  "body": {
    "partnerKey": "VEVLCYjd+MQtzVY9MuSSdkN3XAItzba3PXfzifH8uGTz1Mvotq2l47zH8dbt4YB7R9Yp+BaoooE=",
    "user": {
      "id": "1903138",
      "currency": "INR"
    },
    "gameData": {
      "providerCode": "DC",
      "providerTransactionId": "91739aff-25dd-4f1d-ab65-45cb52835957",
      "gameCode": "151080",
      "description": "bet",
      "providerRoundId": "3bfabcca-eb02-4474-847a-dcc534619441"
    },
    "transactionData": {
      "id": "995899870",
      "amount": 10,
      "referenceId": ""
    },
    "timestamp": "1763385125358"
  },
  "response": {
    "partnerKey": "VEVLCYjd+MQtzVY9MuSSdkN3XAItzba3PXfzifH8uGTz1Mvotq2l47zH8dbt4YB7R9Yp+BaoooE=",
    "timestamp": "1763385127188",
    "userId": "1903138",
    "balance": 119.5,
    "status": {
      "code": "SUCCESS",
      "message": ""
    }
  }
}
{
  "time": "2025-11-17T13:12:12.360Z",
  "ip": "::ffff:127.0.0.1",
  "body": {
    "partnerKey": "VEVLCYjd+MQtzVY9MuSSdkN3XAItzba3PXfzifH8uGTz1Mvotq2l47zH8dbt4YB7R9Yp+BaoooE=",
    "user": {
      "id": "1903138",
      "currency": "INR"
    },
    "gameData": {
      "providerCode": "DC",
      "providerTransactionId": "4526ca94-1e24-425e-aebe-3ad422797387",
      "gameCode": "151080",
      "description": "bet",
      "providerRoundId": "adfd6311-a05c-41b3-a04e-3cfc6550acc9"
    },
    "transactionData": {
      "id": "995899928",
      "amount": 10,
      "referenceId": ""
    },
    "timestamp": "1763385130721"
  }
}
{
  "time": "2025-11-17T13:12:12.362Z",
  "ip": "104.192.0.106",
  "body": {
    "partnerKey": "VEVLCYjd+MQtzVY9MuSSdkN3XAItzba3PXfzifH8uGTz1Mvotq2l47zH8dbt4YB7R9Yp+BaoooE=",
    "user": {
      "id": "1903138",
      "currency": "INR"
    },
    "gameData": {
      "providerCode": "DC",
      "providerTransactionId": "4526ca94-1e24-425e-aebe-3ad422797387",
      "gameCode": "151080",
      "description": "bet",
      "providerRoundId": "adfd6311-a05c-41b3-a04e-3cfc6550acc9"
    },
    "transactionData": {
      "id": "995899928",
      "amount": 10,
      "referenceId": ""
    },
    "timestamp": "1763385130721"
  },
  "response": {
    "partnerKey": "VEVLCYjd+MQtzVY9MuSSdkN3XAItzba3PXfzifH8uGTz1Mvotq2l47zH8dbt4YB7R9Yp+BaoooE=",
    "timestamp": "1763385132362",
    "userId": "1903138",
    "balance": 109.5,
    "status": {
      "code": "SUCCESS",
      "message": ""
    }
  }
}
{
  "time": "2025-11-17T13:12:18.632Z",
  "ip": "::ffff:127.0.0.1",
  "body": {
    "partnerKey": "VEVLCYjd+MQtzVY9MuSSdkN3XAItzba3PXfzifH8uGTz1Mvotq2l47zH8dbt4YB7R9Yp+BaoooE=",
    "user": {
      "id": "1903138",
      "currency": "INR"
    },
    "gameData": {
      "providerCode": "DC",
      "providerTransactionId": "e833e1c0-e045-4c2c-9043-e6bb59f72a52",
      "gameCode": "151080",
      "description": "bet",
      "providerRoundId": "60e4cc98-39d1-4e1a-b4fd-1b50578ea96c"
    },
    "transactionData": {
      "id": "995900016",
      "amount": 10,
      "referenceId": ""
    },
    "timestamp": "1763385136850"
  }
}
{
  "time": "2025-11-17T13:12:18.634Z",
  "ip": "104.192.0.106",
  "body": {
    "partnerKey": "VEVLCYjd+MQtzVY9MuSSdkN3XAItzba3PXfzifH8uGTz1Mvotq2l47zH8dbt4YB7R9Yp+BaoooE=",
    "user": {
      "id": "1903138",
      "currency": "INR"
    },
    "gameData": {
      "providerCode": "DC",
      "providerTransactionId": "e833e1c0-e045-4c2c-9043-e6bb59f72a52",
      "gameCode": "151080",
      "description": "bet",
      "providerRoundId": "60e4cc98-39d1-4e1a-b4fd-1b50578ea96c"
    },
    "transactionData": {
      "id": "995900016",
      "amount": 10,
      "referenceId": ""
    },
    "timestamp": "1763385136850"
  },
  "response": {
    "partnerKey": "VEVLCYjd+MQtzVY9MuSSdkN3XAItzba3PXfzifH8uGTz1Mvotq2l47zH8dbt4YB7R9Yp+BaoooE=",
    "timestamp": "1763385138633",
    "userId": "1903138",
    "balance": 99.5,
    "status": {
      "code": "SUCCESS",
      "message": ""
    }
  }
}
{
  "time": "2025-11-17T13:12:24.561Z",
  "ip": "::ffff:127.0.0.1",
  "body": {
    "partnerKey": "VEVLCYjd+MQtzVY9MuSSdkN3XAItzba3PXfzifH8uGTz1Mvotq2l47zH8dbt4YB7R9Yp+BaoooE=",
    "user": {
      "id": "1903138",
      "currency": "INR"
    },
    "gameData": {
      "providerCode": "DC",
      "providerTransactionId": "2a2bc779-ed73-4acf-847b-25b9852454b7",
      "gameCode": "151080",
      "description": "bet",
      "providerRoundId": "ced49b7d-2e98-4ef4-b2d4-b2c6b5957407"
    },
    "transactionData": {
      "id": "995900083",
      "amount": 10,
      "referenceId": ""
    },
    "timestamp": "1763385142922"
  }
}
{
  "time": "2025-11-17T13:12:24.563Z",
  "ip": "104.192.0.106",
  "body": {
    "partnerKey": "VEVLCYjd+MQtzVY9MuSSdkN3XAItzba3PXfzifH8uGTz1Mvotq2l47zH8dbt4YB7R9Yp+BaoooE=",
    "user": {
      "id": "1903138",
      "currency": "INR"
    },
    "gameData": {
      "providerCode": "DC",
      "providerTransactionId": "2a2bc779-ed73-4acf-847b-25b9852454b7",
      "gameCode": "151080",
      "description": "bet",
      "providerRoundId": "ced49b7d-2e98-4ef4-b2d4-b2c6b5957407"
    },
    "transactionData": {
      "id": "995900083",
      "amount": 10,
      "referenceId": ""
    },
    "timestamp": "1763385142922"
  },
  "response": {
    "partnerKey": "VEVLCYjd+MQtzVY9MuSSdkN3XAItzba3PXfzifH8uGTz1Mvotq2l47zH8dbt4YB7R9Yp+BaoooE=",
    "timestamp": "1763385144563",
    "userId": "1903138",
    "balance": 89.5,
    "status": {
      "code": "SUCCESS",
      "message": ""
    }
  }
}
{
  "time": "2025-11-17T13:12:31.203Z",
  "ip": "::ffff:127.0.0.1",
  "body": {
    "partnerKey": "VEVLCYjd+MQtzVY9MuSSdkN3XAItzba3PXfzifH8uGTz1Mvotq2l47zH8dbt4YB7R9Yp+BaoooE=",
    "user": {
      "id": "1903138",
      "currency": "INR"
    },
    "gameData": {
      "providerCode": "DC",
      "providerTransactionId": "82379dde-7d72-4810-a668-4adbe8bd527d",
      "gameCode": "151080",
      "description": "bet",
      "providerRoundId": "243f1b69-dede-4b11-8587-136891a8e44d"
    },
    "transactionData": {
      "id": "995900140",
      "amount": 20,
      "referenceId": ""
    },
    "timestamp": "1763385149334"
  }
}
{
  "time": "2025-11-17T13:12:31.206Z",
  "ip": "104.192.0.106",
  "body": {
    "partnerKey": "VEVLCYjd+MQtzVY9MuSSdkN3XAItzba3PXfzifH8uGTz1Mvotq2l47zH8dbt4YB7R9Yp+BaoooE=",
    "user": {
      "id": "1903138",
      "currency": "INR"
    },
    "gameData": {
      "providerCode": "DC",
      "providerTransactionId": "82379dde-7d72-4810-a668-4adbe8bd527d",
      "gameCode": "151080",
      "description": "bet",
      "providerRoundId": "243f1b69-dede-4b11-8587-136891a8e44d"
    },
    "transactionData": {
      "id": "995900140",
      "amount": 20,
      "referenceId": ""
    },
    "timestamp": "1763385149334"
  },
  "response": {
    "partnerKey": "VEVLCYjd+MQtzVY9MuSSdkN3XAItzba3PXfzifH8uGTz1Mvotq2l47zH8dbt4YB7R9Yp+BaoooE=",
    "timestamp": "1763385151206",
    "userId": "1903138",
    "balance": 69.5,
    "status": {
      "code": "SUCCESS",
      "message": ""
    }
  }
}
{
  "time": "2025-11-17T13:12:38.150Z",
  "ip": "::ffff:127.0.0.1",
  "body": {
    "partnerKey": "VEVLCYjd+MQtzVY9MuSSdkN3XAItzba3PXfzifH8uGTz1Mvotq2l47zH8dbt4YB7R9Yp+BaoooE=",
    "user": {
      "id": "1903138",
      "currency": "INR"
    },
    "gameData": {
      "providerCode": "DC",
      "providerTransactionId": "3284d74b-af5c-40e3-be59-2a1b8e38303d",
      "gameCode": "151080",
      "description": "bet",
      "providerRoundId": "7cf7c3f5-72c0-4cf2-bb4d-e26a487582c5"
    },
    "transactionData": {
      "id": "995900189",
      "amount": 20,
      "referenceId": ""
    },
    "timestamp": "1763385156385"
  }
}
{
  "time": "2025-11-17T13:12:38.152Z",
  "ip": "104.192.0.106",
  "body": {
    "partnerKey": "VEVLCYjd+MQtzVY9MuSSdkN3XAItzba3PXfzifH8uGTz1Mvotq2l47zH8dbt4YB7R9Yp+BaoooE=",
    "user": {
      "id": "1903138",
      "currency": "INR"
    },
    "gameData": {
      "providerCode": "DC",
      "providerTransactionId": "3284d74b-af5c-40e3-be59-2a1b8e38303d",
      "gameCode": "151080",
      "description": "bet",
      "providerRoundId": "7cf7c3f5-72c0-4cf2-bb4d-e26a487582c5"
    },
    "transactionData": {
      "id": "995900189",
      "amount": 20,
      "referenceId": ""
    },
    "timestamp": "1763385156385"
  },
  "response": {
    "partnerKey": "VEVLCYjd+MQtzVY9MuSSdkN3XAItzba3PXfzifH8uGTz1Mvotq2l47zH8dbt4YB7R9Yp+BaoooE=",
    "timestamp": "1763385158152",
    "userId": "1903138",
    "balance": 49.5,
    "status": {
      "code": "SUCCESS",
      "message": ""
    }
  }
}
{
  "time": "2025-11-17T13:12:43.796Z",
  "ip": "::ffff:127.0.0.1",
  "body": {
    "partnerKey": "VEVLCYjd+MQtzVY9MuSSdkN3XAItzba3PXfzifH8uGTz1Mvotq2l47zH8dbt4YB7R9Yp+BaoooE=",
    "user": {
      "id": "1903138",
      "currency": "INR"
    },
    "gameData": {
      "providerCode": "DC",
      "providerTransactionId": "f34a590b-462b-49a6-8d49-a8181d8641eb",
      "gameCode": "151080",
      "description": "bet",
      "providerRoundId": "58aee225-3042-4fe5-b677-274c797b67f1"
    },
    "transactionData": {
      "id": "995900270",
      "amount": 20,
      "referenceId": ""
    },
    "timestamp": "1763385162195"
  }
}
{
  "time": "2025-11-17T13:12:43.799Z",
  "ip": "104.192.0.106",
  "body": {
    "partnerKey": "VEVLCYjd+MQtzVY9MuSSdkN3XAItzba3PXfzifH8uGTz1Mvotq2l47zH8dbt4YB7R9Yp+BaoooE=",
    "user": {
      "id": "1903138",
      "currency": "INR"
    },
    "gameData": {
      "providerCode": "DC",
      "providerTransactionId": "f34a590b-462b-49a6-8d49-a8181d8641eb",
      "gameCode": "151080",
      "description": "bet",
      "providerRoundId": "58aee225-3042-4fe5-b677-274c797b67f1"
    },
    "transactionData": {
      "id": "995900270",
      "amount": 20,
      "referenceId": ""
    },
    "timestamp": "1763385162195"
  },
  "response": {
    "partnerKey": "VEVLCYjd+MQtzVY9MuSSdkN3XAItzba3PXfzifH8uGTz1Mvotq2l47zH8dbt4YB7R9Yp+BaoooE=",
    "timestamp": "1763385163799",
    "userId": "1903138",
    "balance": 29.5,
    "status": {
      "code": "SUCCESS",
      "message": ""
    }
  }
}
{
  "time": "2025-11-17T13:12:50.357Z",
  "ip": "::ffff:127.0.0.1",
  "body": {
    "partnerKey": "VEVLCYjd+MQtzVY9MuSSdkN3XAItzba3PXfzifH8uGTz1Mvotq2l47zH8dbt4YB7R9Yp+BaoooE=",
    "user": {
      "id": "1903138",
      "currency": "INR"
    },
    "gameData": {
      "providerCode": "DC",
      "providerTransactionId": "41fd32dc-6882-4f1d-9386-cae0222c4055",
      "gameCode": "151080",
      "description": "bet",
      "providerRoundId": "d587ec50-e67d-48e2-ada9-ebc426c9fb47"
    },
    "transactionData": {
      "id": "995900338",
      "amount": 20,
      "referenceId": ""
    },
    "timestamp": "1763385168613"
  }
}
{
  "time": "2025-11-17T13:12:50.359Z",
  "ip": "104.192.0.106",
  "body": {
    "partnerKey": "VEVLCYjd+MQtzVY9MuSSdkN3XAItzba3PXfzifH8uGTz1Mvotq2l47zH8dbt4YB7R9Yp+BaoooE=",
    "user": {
      "id": "1903138",
      "currency": "INR"
    },
    "gameData": {
      "providerCode": "DC",
      "providerTransactionId": "41fd32dc-6882-4f1d-9386-cae0222c4055",
      "gameCode": "151080",
      "description": "bet",
      "providerRoundId": "d587ec50-e67d-48e2-ada9-ebc426c9fb47"
    },
    "transactionData": {
      "id": "995900338",
      "amount": 20,
      "referenceId": ""
    },
    "timestamp": "1763385168613"
  },
  "response": {
    "partnerKey": "VEVLCYjd+MQtzVY9MuSSdkN3XAItzba3PXfzifH8uGTz1Mvotq2l47zH8dbt4YB7R9Yp+BaoooE=",
    "timestamp": "1763385170359",
    "userId": "1903138",
    "balance": 9.5,
    "status": {
      "code": "SUCCESS",
      "message": ""
    }
  }
}
{
  "time": "2025-11-17T13:22:11.136Z",
  "ip": "::ffff:127.0.0.1",
  "body": {
    "partnerKey": "VEVLCYjd+MQtzVY9MuSSdkN3XAItzba3PXfzifH8uGTz1Mvotq2l47zH8dbt4YB7R9Yp+BaoooE=",
    "user": {
      "id": "1903138",
      "currency": "INR"
    },
    "gameData": {
      "providerCode": "EVZ",
      "providerTransactionId": "Dezugi00000000001-1366862489-2722364290",
      "gameCode": "1100003",
      "description": "bet",
      "providerRoundId": "9526674489"
    },
    "transactionData": {
      "id": "995907806",
      "amount": 8,
      "referenceId": ""
    },
    "timestamp": "1763385728305"
  }
}
{
  "time": "2025-11-17T13:22:11.139Z",
  "ip": "104.192.0.106",
  "body": {
    "partnerKey": "VEVLCYjd+MQtzVY9MuSSdkN3XAItzba3PXfzifH8uGTz1Mvotq2l47zH8dbt4YB7R9Yp+BaoooE=",
    "user": {
      "id": "1903138",
      "currency": "INR"
    },
    "gameData": {
      "providerCode": "EVZ",
      "providerTransactionId": "Dezugi00000000001-1366862489-2722364290",
      "gameCode": "1100003",
      "description": "bet",
      "providerRoundId": "9526674489"
    },
    "transactionData": {
      "id": "995907806",
      "amount": 8,
      "referenceId": ""
    },
    "timestamp": "1763385728305"
  },
  "response": {
    "partnerKey": "VEVLCYjd+MQtzVY9MuSSdkN3XAItzba3PXfzifH8uGTz1Mvotq2l47zH8dbt4YB7R9Yp+BaoooE=",
    "timestamp": "1763385731139",
    "userId": "1903138",
    "balance": 98.5,
    "status": {
      "code": "SUCCESS",
      "message": ""
    }
  }
}
{
  "time": "2025-11-17T13:22:22.156Z",
  "ip": "::ffff:127.0.0.1",
  "body": {
    "partnerKey": "VEVLCYjd+MQtzVY9MuSSdkN3XAItzba3PXfzifH8uGTz1Mvotq2l47zH8dbt4YB7R9Yp+BaoooE=",
    "user": {
      "id": "1903138",
      "currency": "INR"
    },
    "gameData": {
      "providerCode": "EVZ",
      "providerTransactionId": "Dezugi00000000001-1366862651-2722364595",
      "gameCode": "1100003",
      "description": "bet",
      "providerRoundId": "9526675315"
    },
    "transactionData": {
      "id": "995907984",
      "amount": 8,
      "referenceId": ""
    },
    "timestamp": "1763385739275"
  }
}
{
  "time": "2025-11-17T13:22:22.159Z",
  "ip": "104.192.0.106",
  "body": {
    "partnerKey": "VEVLCYjd+MQtzVY9MuSSdkN3XAItzba3PXfzifH8uGTz1Mvotq2l47zH8dbt4YB7R9Yp+BaoooE=",
    "user": {
      "id": "1903138",
      "currency": "INR"
    },
    "gameData": {
      "providerCode": "EVZ",
      "providerTransactionId": "Dezugi00000000001-1366862651-2722364595",
      "gameCode": "1100003",
      "description": "bet",
      "providerRoundId": "9526675315"
    },
    "transactionData": {
      "id": "995907984",
      "amount": 8,
      "referenceId": ""
    },
    "timestamp": "1763385739275"
  },
  "response": {
    "partnerKey": "VEVLCYjd+MQtzVY9MuSSdkN3XAItzba3PXfzifH8uGTz1Mvotq2l47zH8dbt4YB7R9Yp+BaoooE=",
    "timestamp": "1763385742159",
    "userId": "1903138",
    "balance": 92.9,
    "status": {
      "code": "SUCCESS",
      "message": ""
    }
  }
}
{
  "time": "2025-11-17T13:22:29.090Z",
  "ip": "::ffff:127.0.0.1",
  "body": {
    "partnerKey": "VEVLCYjd+MQtzVY9MuSSdkN3XAItzba3PXfzifH8uGTz1Mvotq2l47zH8dbt4YB7R9Yp+BaoooE=",
    "user": {
      "id": "1903138",
      "currency": "INR"
    },
    "gameData": {
      "providerCode": "EVZ",
      "providerTransactionId": "Dezugi00000000001-1366862783-2722364870",
      "gameCode": "1100003",
      "description": "bet",
      "providerRoundId": "9526676423"
    },
    "transactionData": {
      "id": "995908092",
      "amount": 8,
      "referenceId": ""
    },
    "timestamp": "1763385746350"
  }
}
{
  "time": "2025-11-17T13:22:29.093Z",
  "ip": "104.192.0.106",
  "body": {
    "partnerKey": "VEVLCYjd+MQtzVY9MuSSdkN3XAItzba3PXfzifH8uGTz1Mvotq2l47zH8dbt4YB7R9Yp+BaoooE=",
    "user": {
      "id": "1903138",
      "currency": "INR"
    },
    "gameData": {
      "providerCode": "EVZ",
      "providerTransactionId": "Dezugi00000000001-1366862783-2722364870",
      "gameCode": "1100003",
      "description": "bet",
      "providerRoundId": "9526676423"
    },
    "transactionData": {
      "id": "995908092",
      "amount": 8,
      "referenceId": ""
    },
    "timestamp": "1763385746350"
  },
  "response": {
    "partnerKey": "VEVLCYjd+MQtzVY9MuSSdkN3XAItzba3PXfzifH8uGTz1Mvotq2l47zH8dbt4YB7R9Yp+BaoooE=",
    "timestamp": "1763385749093",
    "userId": "1903138",
    "balance": 84.9,
    "status": {
      "code": "SUCCESS",
      "message": ""
    }
  }
}
{
  "time": "2025-11-17T13:22:35.296Z",
  "ip": "::ffff:127.0.0.1",
  "body": {
    "partnerKey": "VEVLCYjd+MQtzVY9MuSSdkN3XAItzba3PXfzifH8uGTz1Mvotq2l47zH8dbt4YB7R9Yp+BaoooE=",
    "user": {
      "id": "1903138",
      "currency": "INR"
    },
    "gameData": {
      "providerCode": "EVZ",
      "providerTransactionId": "Dezugi00000000001-1366862892-2722365085",
      "gameCode": "1100003",
      "description": "bet",
      "providerRoundId": "9526677523"
    },
    "transactionData": {
      "id": "995908160",
      "amount": 8,
      "referenceId": ""
    },
    "timestamp": "1763385752598"
  }
}
{
  "time": "2025-11-17T13:22:35.298Z",
  "ip": "104.192.0.106",
  "body": {
    "partnerKey": "VEVLCYjd+MQtzVY9MuSSdkN3XAItzba3PXfzifH8uGTz1Mvotq2l47zH8dbt4YB7R9Yp+BaoooE=",
    "user": {
      "id": "1903138",
      "currency": "INR"
    },
    "gameData": {
      "providerCode": "EVZ",
      "providerTransactionId": "Dezugi00000000001-1366862892-2722365085",
      "gameCode": "1100003",
      "description": "bet",
      "providerRoundId": "9526677523"
    },
    "transactionData": {
      "id": "995908160",
      "amount": 8,
      "referenceId": ""
    },
    "timestamp": "1763385752598"
  },
  "response": {
    "partnerKey": "VEVLCYjd+MQtzVY9MuSSdkN3XAItzba3PXfzifH8uGTz1Mvotq2l47zH8dbt4YB7R9Yp+BaoooE=",
    "timestamp": "1763385755298",
    "userId": "1903138",
    "balance": 76.9,
    "status": {
      "code": "SUCCESS",
      "message": ""
    }
  }
}
{
  "time": "2025-11-17T13:22:46.483Z",
  "ip": "::ffff:127.0.0.1",
  "body": {
    "partnerKey": "VEVLCYjd+MQtzVY9MuSSdkN3XAItzba3PXfzifH8uGTz1Mvotq2l47zH8dbt4YB7R9Yp+BaoooE=",
    "user": {
      "id": "1903138",
      "currency": "INR"
    },
    "gameData": {
      "providerCode": "EVZ",
      "providerTransactionId": "Dezugi00000000001-1366863083-2722365467",
      "gameCode": "1100003",
      "description": "bet",
      "providerRoundId": "9526683614"
    },
    "transactionData": {
      "id": "995908298",
      "amount": 8,
      "referenceId": ""
    },
    "timestamp": "1763385763913"
  }
}
{
  "time": "2025-11-17T13:22:46.485Z",
  "ip": "104.192.0.106",
  "body": {
    "partnerKey": "VEVLCYjd+MQtzVY9MuSSdkN3XAItzba3PXfzifH8uGTz1Mvotq2l47zH8dbt4YB7R9Yp+BaoooE=",
    "user": {
      "id": "1903138",
      "currency": "INR"
    },
    "gameData": {
      "providerCode": "EVZ",
      "providerTransactionId": "Dezugi00000000001-1366863083-2722365467",
      "gameCode": "1100003",
      "description": "bet",
      "providerRoundId": "9526683614"
    },
    "transactionData": {
      "id": "995908298",
      "amount": 8,
      "referenceId": ""
    },
    "timestamp": "1763385763913"
  },
  "response": {
    "partnerKey": "VEVLCYjd+MQtzVY9MuSSdkN3XAItzba3PXfzifH8uGTz1Mvotq2l47zH8dbt4YB7R9Yp+BaoooE=",
    "timestamp": "1763385766485",
    "userId": "1903138",
    "balance": 68.9,
    "status": {
      "code": "SUCCESS",
      "message": ""
    }
  }
}
{
  "time": "2025-11-17T13:22:53.689Z",
  "ip": "::ffff:127.0.0.1",
  "body": {
    "partnerKey": "VEVLCYjd+MQtzVY9MuSSdkN3XAItzba3PXfzifH8uGTz1Mvotq2l47zH8dbt4YB7R9Yp+BaoooE=",
    "user": {
      "id": "1903138",
      "currency": "INR"
    },
    "gameData": {
      "providerCode": "EVZ",
      "providerTransactionId": "Dezugi00000000001-1366863198-2722365689",
      "gameCode": "1100003",
      "description": "bet",
      "providerRoundId": "9526685565"
    },
    "transactionData": {
      "id": "995908372",
      "amount": 8,
      "referenceId": ""
    },
    "timestamp": "1763385770965"
  }
}
{
  "time": "2025-11-17T13:22:53.691Z",
  "ip": "104.192.0.106",
  "body": {
    "partnerKey": "VEVLCYjd+MQtzVY9MuSSdkN3XAItzba3PXfzifH8uGTz1Mvotq2l47zH8dbt4YB7R9Yp+BaoooE=",
    "user": {
      "id": "1903138",
      "currency": "INR"
    },
    "gameData": {
      "providerCode": "EVZ",
      "providerTransactionId": "Dezugi00000000001-1366863198-2722365689",
      "gameCode": "1100003",
      "description": "bet",
      "providerRoundId": "9526685565"
    },
    "transactionData": {
      "id": "995908372",
      "amount": 8,
      "referenceId": ""
    },
    "timestamp": "1763385770965"
  },
  "response": {
    "partnerKey": "VEVLCYjd+MQtzVY9MuSSdkN3XAItzba3PXfzifH8uGTz1Mvotq2l47zH8dbt4YB7R9Yp+BaoooE=",
    "timestamp": "1763385773691",
    "userId": "1903138",
    "balance": 60.900000000000006,
    "status": {
      "code": "SUCCESS",
      "message": ""
    }
  }
}
{
  "time": "2025-11-17T13:23:03.243Z",
  "ip": "::ffff:127.0.0.1",
  "body": {
    "partnerKey": "VEVLCYjd+MQtzVY9MuSSdkN3XAItzba3PXfzifH8uGTz1Mvotq2l47zH8dbt4YB7R9Yp+BaoooE=",
    "user": {
      "id": "1903138",
      "currency": "INR"
    },
    "gameData": {
      "providerCode": "EVZ",
      "providerTransactionId": "Dezugi00000000001-1366863351-2722365996",
      "gameCode": "1100003",
      "description": "bet",
      "providerRoundId": "9526686420"
    },
    "transactionData": {
      "id": "995908488",
      "amount": 8,
      "referenceId": ""
    },
    "timestamp": "1763385780504"
  }
}
{
  "time": "2025-11-17T13:23:03.245Z",
  "ip": "104.192.0.106",
  "body": {
    "partnerKey": "VEVLCYjd+MQtzVY9MuSSdkN3XAItzba3PXfzifH8uGTz1Mvotq2l47zH8dbt4YB7R9Yp+BaoooE=",
    "user": {
      "id": "1903138",
      "currency": "INR"
    },
    "gameData": {
      "providerCode": "EVZ",
      "providerTransactionId": "Dezugi00000000001-1366863351-2722365996",
      "gameCode": "1100003",
      "description": "bet",
      "providerRoundId": "9526686420"
    },
    "transactionData": {
      "id": "995908488",
      "amount": 8,
      "referenceId": ""
    },
    "timestamp": "1763385780504"
  },
  "response": {
    "partnerKey": "VEVLCYjd+MQtzVY9MuSSdkN3XAItzba3PXfzifH8uGTz1Mvotq2l47zH8dbt4YB7R9Yp+BaoooE=",
    "timestamp": "1763385783245",
    "userId": "1903138",
    "balance": 59.3,
    "status": {
      "code": "SUCCESS",
      "message": ""
    }
  }
}
{
  "time": "2025-11-17T13:23:12.164Z",
  "ip": "::ffff:127.0.0.1",
  "body": {
    "partnerKey": "VEVLCYjd+MQtzVY9MuSSdkN3XAItzba3PXfzifH8uGTz1Mvotq2l47zH8dbt4YB7R9Yp+BaoooE=",
    "user": {
      "id": "1903138",
      "currency": "INR"
    },
    "gameData": {
      "providerCode": "EVZ",
      "providerTransactionId": "Dezugi00000000001-1366863503-2722366295",
      "gameCode": "1100003",
      "description": "bet",
      "providerRoundId": "9526687298"
    },
    "transactionData": {
      "id": "995908559",
      "amount": 8,
      "referenceId": ""
    },
    "timestamp": "1763385789354"
  }
}
{
  "time": "2025-11-17T13:23:12.166Z",
  "ip": "104.192.0.106",
  "body": {
    "partnerKey": "VEVLCYjd+MQtzVY9MuSSdkN3XAItzba3PXfzifH8uGTz1Mvotq2l47zH8dbt4YB7R9Yp+BaoooE=",
    "user": {
      "id": "1903138",
      "currency": "INR"
    },
    "gameData": {
      "providerCode": "EVZ",
      "providerTransactionId": "Dezugi00000000001-1366863503-2722366295",
      "gameCode": "1100003",
      "description": "bet",
      "providerRoundId": "9526687298"
    },
    "transactionData": {
      "id": "995908559",
      "amount": 8,
      "referenceId": ""
    },
    "timestamp": "1763385789354"
  },
  "response": {
    "partnerKey": "VEVLCYjd+MQtzVY9MuSSdkN3XAItzba3PXfzifH8uGTz1Mvotq2l47zH8dbt4YB7R9Yp+BaoooE=",
    "timestamp": "1763385792166",
    "userId": "1903138",
    "balance": 51.3,
    "status": {
      "code": "SUCCESS",
      "message": ""
    }
  }
}
{
  "time": "2025-11-17T13:23:20.608Z",
  "ip": "::ffff:127.0.0.1",
  "body": {
    "partnerKey": "VEVLCYjd+MQtzVY9MuSSdkN3XAItzba3PXfzifH8uGTz1Mvotq2l47zH8dbt4YB7R9Yp+BaoooE=",
    "user": {
      "id": "1903138",
      "currency": "INR"
    },
    "gameData": {
      "providerCode": "EVZ",
      "providerTransactionId": "Dezugi00000000001-1366863631-2722366552",
      "gameCode": "1100003",
      "description": "bet",
      "providerRoundId": "9526689165"
    },
    "transactionData": {
      "id": "995908641",
      "amount": 8,
      "referenceId": ""
    },
    "timestamp": "1763385797700"
  }
}
{
  "time": "2025-11-17T13:23:20.610Z",
  "ip": "104.192.0.106",
  "body": {
    "partnerKey": "VEVLCYjd+MQtzVY9MuSSdkN3XAItzba3PXfzifH8uGTz1Mvotq2l47zH8dbt4YB7R9Yp+BaoooE=",
    "user": {
      "id": "1903138",
      "currency": "INR"
    },
    "gameData": {
      "providerCode": "EVZ",
      "providerTransactionId": "Dezugi00000000001-1366863631-2722366552",
      "gameCode": "1100003",
      "description": "bet",
      "providerRoundId": "9526689165"
    },
    "transactionData": {
      "id": "995908641",
      "amount": 8,
      "referenceId": ""
    },
    "timestamp": "1763385797700"
  },
  "response": {
    "partnerKey": "VEVLCYjd+MQtzVY9MuSSdkN3XAItzba3PXfzifH8uGTz1Mvotq2l47zH8dbt4YB7R9Yp+BaoooE=",
    "timestamp": "1763385800610",
    "userId": "1903138",
    "balance": 45.7,
    "status": {
      "code": "SUCCESS",
      "message": ""
    }
  }
}
{
  "time": "2025-11-17T13:23:30.404Z",
  "ip": "::ffff:127.0.0.1",
  "body": {
    "partnerKey": "VEVLCYjd+MQtzVY9MuSSdkN3XAItzba3PXfzifH8uGTz1Mvotq2l47zH8dbt4YB7R9Yp+BaoooE=",
    "user": {
      "id": "1903138",
      "currency": "INR"
    },
    "gameData": {
      "providerCode": "EVZ",
      "providerTransactionId": "Dezugi00000000001-1366863747-2722366783",
      "gameCode": "1100003",
      "description": "bet",
      "providerRoundId": "9526689889"
    },
    "transactionData": {
      "id": "995908764",
      "amount": 8,
      "referenceId": ""
    },
    "timestamp": "1763385807749"
  }
}
{
  "time": "2025-11-17T13:23:30.406Z",
  "ip": "104.192.0.106",
  "body": {
    "partnerKey": "VEVLCYjd+MQtzVY9MuSSdkN3XAItzba3PXfzifH8uGTz1Mvotq2l47zH8dbt4YB7R9Yp+BaoooE=",
    "user": {
      "id": "1903138",
      "currency": "INR"
    },
    "gameData": {
      "providerCode": "EVZ",
      "providerTransactionId": "Dezugi00000000001-1366863747-2722366783",
      "gameCode": "1100003",
      "description": "bet",
      "providerRoundId": "9526689889"
    },
    "transactionData": {
      "id": "995908764",
      "amount": 8,
      "referenceId": ""
    },
    "timestamp": "1763385807749"
  },
  "response": {
    "partnerKey": "VEVLCYjd+MQtzVY9MuSSdkN3XAItzba3PXfzifH8uGTz1Mvotq2l47zH8dbt4YB7R9Yp+BaoooE=",
    "timestamp": "1763385810406",
    "userId": "1903138",
    "balance": 37.7,
    "status": {
      "code": "SUCCESS",
      "message": ""
    }
  }
}
{
  "time": "2025-11-17T13:23:39.890Z",
  "ip": "::ffff:127.0.0.1",
  "body": {
    "partnerKey": "VEVLCYjd+MQtzVY9MuSSdkN3XAItzba3PXfzifH8uGTz1Mvotq2l47zH8dbt4YB7R9Yp+BaoooE=",
    "user": {
      "id": "1903138",
      "currency": "INR"
    },
    "gameData": {
      "providerCode": "EVZ",
      "providerTransactionId": "Dezugi00000000001-1366863955-2722367199",
      "gameCode": "1100003",
      "description": "bet",
      "providerRoundId": "9526691829"
    },
    "transactionData": {
      "id": "995908980",
      "amount": 8,
      "referenceId": ""
    },
    "timestamp": "1763385817015"
  }
}
{
  "time": "2025-11-17T13:23:39.892Z",
  "ip": "104.192.0.106",
  "body": {
    "partnerKey": "VEVLCYjd+MQtzVY9MuSSdkN3XAItzba3PXfzifH8uGTz1Mvotq2l47zH8dbt4YB7R9Yp+BaoooE=",
    "user": {
      "id": "1903138",
      "currency": "INR"
    },
    "gameData": {
      "providerCode": "EVZ",
      "providerTransactionId": "Dezugi00000000001-1366863955-2722367199",
      "gameCode": "1100003",
      "description": "bet",
      "providerRoundId": "9526691829"
    },
    "transactionData": {
      "id": "995908980",
      "amount": 8,
      "referenceId": ""
    },
    "timestamp": "1763385817015"
  },
  "response": {
    "partnerKey": "VEVLCYjd+MQtzVY9MuSSdkN3XAItzba3PXfzifH8uGTz1Mvotq2l47zH8dbt4YB7R9Yp+BaoooE=",
    "timestamp": "1763385819892",
    "userId": "1903138",
    "balance": 29.700000000000003,
    "status": {
      "code": "SUCCESS",
      "message": ""
    }
  }
}
{
  "time": "2025-11-17T13:23:46.392Z",
  "ip": "::ffff:127.0.0.1",
  "body": {
    "partnerKey": "VEVLCYjd+MQtzVY9MuSSdkN3XAItzba3PXfzifH8uGTz1Mvotq2l47zH8dbt4YB7R9Yp+BaoooE=",
    "user": {
      "id": "1903138",
      "currency": "INR"
    },
    "gameData": {
      "providerCode": "EVZ",
      "providerTransactionId": "Dezugi00000000001-1366864067-2722367418",
      "gameCode": "1100003",
      "description": "bet",
      "providerRoundId": "9526692269"
    },
    "transactionData": {
      "id": "995909062",
      "amount": 8,
      "referenceId": ""
    },
    "timestamp": "1763385823530"
  }
}
{
  "time": "2025-11-17T13:23:46.394Z",
  "ip": "104.192.0.106",
  "body": {
    "partnerKey": "VEVLCYjd+MQtzVY9MuSSdkN3XAItzba3PXfzifH8uGTz1Mvotq2l47zH8dbt4YB7R9Yp+BaoooE=",
    "user": {
      "id": "1903138",
      "currency": "INR"
    },
    "gameData": {
      "providerCode": "EVZ",
      "providerTransactionId": "Dezugi00000000001-1366864067-2722367418",
      "gameCode": "1100003",
      "description": "bet",
      "providerRoundId": "9526692269"
    },
    "transactionData": {
      "id": "995909062",
      "amount": 8,
      "referenceId": ""
    },
    "timestamp": "1763385823530"
  },
  "response": {
    "partnerKey": "VEVLCYjd+MQtzVY9MuSSdkN3XAItzba3PXfzifH8uGTz1Mvotq2l47zH8dbt4YB7R9Yp+BaoooE=",
    "timestamp": "1763385826394",
    "userId": "1903138",
    "balance": 21.7,
    "status": {
      "code": "SUCCESS",
      "message": ""
    }
  }
}
{
  "time": "2025-11-17T13:23:53.530Z",
  "ip": "::ffff:127.0.0.1",
  "body": {
    "partnerKey": "VEVLCYjd+MQtzVY9MuSSdkN3XAItzba3PXfzifH8uGTz1Mvotq2l47zH8dbt4YB7R9Yp+BaoooE=",
    "user": {
      "id": "1903138",
      "currency": "INR"
    },
    "gameData": {
      "providerCode": "EVZ",
      "providerTransactionId": "Dezugi00000000001-1366864186-2722367653",
      "gameCode": "1100003",
      "description": "bet",
      "providerRoundId": "9526697364"
    },
    "transactionData": {
      "id": "995909148",
      "amount": 8,
      "referenceId": ""
    },
    "timestamp": "1763385830949"
  }
}
{
  "time": "2025-11-17T13:23:53.533Z",
  "ip": "104.192.0.106",
  "body": {
    "partnerKey": "VEVLCYjd+MQtzVY9MuSSdkN3XAItzba3PXfzifH8uGTz1Mvotq2l47zH8dbt4YB7R9Yp+BaoooE=",
    "user": {
      "id": "1903138",
      "currency": "INR"
    },
    "gameData": {
      "providerCode": "EVZ",
      "providerTransactionId": "Dezugi00000000001-1366864186-2722367653",
      "gameCode": "1100003",
      "description": "bet",
      "providerRoundId": "9526697364"
    },
    "transactionData": {
      "id": "995909148",
      "amount": 8,
      "referenceId": ""
    },
    "timestamp": "1763385830949"
  },
  "response": {
    "partnerKey": "VEVLCYjd+MQtzVY9MuSSdkN3XAItzba3PXfzifH8uGTz1Mvotq2l47zH8dbt4YB7R9Yp+BaoooE=",
    "timestamp": "1763385833533",
    "userId": "1903138",
    "balance": 17.7,
    "status": {
      "code": "SUCCESS",
      "message": ""
    }
  }
}
{
  "time": "2025-11-17T13:23:59.029Z",
  "ip": "::ffff:127.0.0.1",
  "body": {
    "partnerKey": "VEVLCYjd+MQtzVY9MuSSdkN3XAItzba3PXfzifH8uGTz1Mvotq2l47zH8dbt4YB7R9Yp+BaoooE=",
    "user": {
      "id": "1903138",
      "currency": "INR"
    },
    "gameData": {
      "providerCode": "EVZ",
      "providerTransactionId": "Dezugi00000000001-1366864276-2722367838",
      "gameCode": "1100003",
      "description": "bet",
      "providerRoundId": "9526698653"
    },
    "transactionData": {
      "id": "995909240",
      "amount": 8,
      "referenceId": ""
    },
    "timestamp": "1763385836330"
  }
}
{
  "time": "2025-11-17T13:23:59.031Z",
  "ip": "104.192.0.106",
  "body": {
    "partnerKey": "VEVLCYjd+MQtzVY9MuSSdkN3XAItzba3PXfzifH8uGTz1Mvotq2l47zH8dbt4YB7R9Yp+BaoooE=",
    "user": {
      "id": "1903138",
      "currency": "INR"
    },
    "gameData": {
      "providerCode": "EVZ",
      "providerTransactionId": "Dezugi00000000001-1366864276-2722367838",
      "gameCode": "1100003",
      "description": "bet",
      "providerRoundId": "9526698653"
    },
    "transactionData": {
      "id": "995909240",
      "amount": 8,
      "referenceId": ""
    },
    "timestamp": "1763385836330"
  },
  "response": {
    "partnerKey": "VEVLCYjd+MQtzVY9MuSSdkN3XAItzba3PXfzifH8uGTz1Mvotq2l47zH8dbt4YB7R9Yp+BaoooE=",
    "timestamp": "1763385839031",
    "userId": "1903138",
    "balance": 9.7,
    "status": {
      "code": "SUCCESS",
      "message": ""
    }
  }
}
{
  "time": "2025-11-17T13:24:09.632Z",
  "ip": "::ffff:127.0.0.1",
  "body": {
    "partnerKey": "VEVLCYjd+MQtzVY9MuSSdkN3XAItzba3PXfzifH8uGTz1Mvotq2l47zH8dbt4YB7R9Yp+BaoooE=",
    "user": {
      "id": "1903138",
      "currency": "INR"
    },
    "gameData": {
      "providerCode": "EVZ",
      "providerTransactionId": "Dezugi00000000001-1366864450-2722368173",
      "gameCode": "1100003",
      "description": "bet",
      "providerRoundId": "9526700912"
    },
    "transactionData": {
      "id": "995909410",
      "amount": 8,
      "referenceId": ""
    },
    "timestamp": "1763385846931"
  }
}
{
  "time": "2025-11-17T13:24:09.634Z",
  "ip": "104.192.0.106",
  "body": {
    "partnerKey": "VEVLCYjd+MQtzVY9MuSSdkN3XAItzba3PXfzifH8uGTz1Mvotq2l47zH8dbt4YB7R9Yp+BaoooE=",
    "user": {
      "id": "1903138",
      "currency": "INR"
    },
    "gameData": {
      "providerCode": "EVZ",
      "providerTransactionId": "Dezugi00000000001-1366864450-2722368173",
      "gameCode": "1100003",
      "description": "bet",
      "providerRoundId": "9526700912"
    },
    "transactionData": {
      "id": "995909410",
      "amount": 8,
      "referenceId": ""
    },
    "timestamp": "1763385846931"
  },
  "response": {
    "partnerKey": "VEVLCYjd+MQtzVY9MuSSdkN3XAItzba3PXfzifH8uGTz1Mvotq2l47zH8dbt4YB7R9Yp+BaoooE=",
    "timestamp": "1763385849634",
    "userId": "1903138",
    "balance": 1.6999999999999993,
    "status": {
      "code": "SUCCESS",
      "message": ""
    }
  }
}
{
  "time": "2025-11-17T15:33:09.477Z",
  "ip": "::ffff:127.0.0.1",
  "body": {
    "partnerKey": "Gq1FOuQKNaVsr3PtaSgDlnKTa1o48U2jROX6fLVhf4Klzh2RgHIuFMUFGVR3PEkhwHRgBipsY1A=",
    "user": {
      "id": "2125477",
      "currency": "LKR"
    },
    "gameData": {
      "providerCode": "SPB",
      "providerTransactionId": "SPRBAPACAV127772818972",
      "gameCode": "aviator",
      "description": "bet",
      "providerRoundId": "4030961"
    },
    "transactionData": {
      "id": "996020164",
      "amount": 10,
      "referenceId": ""
    },
    "timestamp": "1763393586765"
  }
}
{
  "time": "2025-11-17T15:33:09.480Z",
  "ip": "104.192.0.106",
  "body": {
    "partnerKey": "Gq1FOuQKNaVsr3PtaSgDlnKTa1o48U2jROX6fLVhf4Klzh2RgHIuFMUFGVR3PEkhwHRgBipsY1A=",
    "user": {
      "id": "2125477",
      "currency": "LKR"
    },
    "gameData": {
      "providerCode": "SPB",
      "providerTransactionId": "SPRBAPACAV127772818972",
      "gameCode": "aviator",
      "description": "bet",
      "providerRoundId": "4030961"
    },
    "transactionData": {
      "id": "996020164",
      "amount": 10,
      "referenceId": ""
    },
    "timestamp": "1763393586765"
  },
  "response": {
    "partnerKey": "Gq1FOuQKNaVsr3PtaSgDlnKTa1o48U2jROX6fLVhf4Klzh2RgHIuFMUFGVR3PEkhwHRgBipsY1A=",
    "timestamp": "1763393589480",
    "userId": "2125477",
    "balance": 40,
    "status": {
      "code": "SUCCESS",
      "message": ""
    }
  }
}
{
  "time": "2025-11-17T17:53:51.763Z",
  "ip": "::ffff:127.0.0.1",
  "body": {
    "partnerKey": "VEVLCYjd+MQtzVY9MuSSdkN3XAItzba3PXfzifH8uGTz1Mvotq2l47zH8dbt4YB7R9Yp+BaoooE=",
    "user": {
      "id": "2157853",
      "currency": "INR"
    },
    "gameData": {
      "providerCode": "EVZ",
      "providerTransactionId": "D8978af41-69f0-4b96-a373-933559f19253",
      "gameCode": "1000419",
      "description": "bet",
      "providerRoundId": "9530308294"
    },
    "transactionData": {
      "id": "996146610",
      "amount": 10,
      "referenceId": ""
    },
    "timestamp": "1763402029131"
  }
}
{
  "time": "2025-11-17T17:53:51.766Z",
  "ip": "104.192.0.106",
  "body": {
    "partnerKey": "VEVLCYjd+MQtzVY9MuSSdkN3XAItzba3PXfzifH8uGTz1Mvotq2l47zH8dbt4YB7R9Yp+BaoooE=",
    "user": {
      "id": "2157853",
      "currency": "INR"
    },
    "gameData": {
      "providerCode": "EVZ",
      "providerTransactionId": "D8978af41-69f0-4b96-a373-933559f19253",
      "gameCode": "1000419",
      "description": "bet",
      "providerRoundId": "9530308294"
    },
    "transactionData": {
      "id": "996146610",
      "amount": 10,
      "referenceId": ""
    },
    "timestamp": "1763402029131"
  },
  "response": {
    "partnerKey": "VEVLCYjd+MQtzVY9MuSSdkN3XAItzba3PXfzifH8uGTz1Mvotq2l47zH8dbt4YB7R9Yp+BaoooE=",
    "timestamp": "1763402031766",
    "userId": "2157853",
    "balance": 40,
    "status": {
      "code": "SUCCESS",
      "message": ""
    }
  }
}
{
  "time": "2025-11-17T17:55:00.942Z",
  "ip": "::ffff:127.0.0.1",
  "body": {
    "partnerKey": "VEVLCYjd+MQtzVY9MuSSdkN3XAItzba3PXfzifH8uGTz1Mvotq2l47zH8dbt4YB7R9Yp+BaoooE=",
    "user": {
      "id": "2157853",
      "currency": "INR"
    },
    "gameData": {
      "providerCode": "EVZ",
      "providerTransactionId": "D3f24bb46-18fc-42f5-b3c9-71df26c1b779",
      "gameCode": "1000419",
      "description": "bet",
      "providerRoundId": "9530322644"
    },
    "transactionData": {
      "id": "996147786",
      "amount": 10,
      "referenceId": ""
    },
    "timestamp": "1763402098443"
  }
}
{
  "time": "2025-11-17T17:55:00.944Z",
  "ip": "104.192.0.106",
  "body": {
    "partnerKey": "VEVLCYjd+MQtzVY9MuSSdkN3XAItzba3PXfzifH8uGTz1Mvotq2l47zH8dbt4YB7R9Yp+BaoooE=",
    "user": {
      "id": "2157853",
      "currency": "INR"
    },
    "gameData": {
      "providerCode": "EVZ",
      "providerTransactionId": "D3f24bb46-18fc-42f5-b3c9-71df26c1b779",
      "gameCode": "1000419",
      "description": "bet",
      "providerRoundId": "9530322644"
    },
    "transactionData": {
      "id": "996147786",
      "amount": 10,
      "referenceId": ""
    },
    "timestamp": "1763402098443"
  },
  "response": {
    "partnerKey": "VEVLCYjd+MQtzVY9MuSSdkN3XAItzba3PXfzifH8uGTz1Mvotq2l47zH8dbt4YB7R9Yp+BaoooE=",
    "timestamp": "1763402100944",
    "userId": "2157853",
    "balance": 30,
    "status": {
      "code": "SUCCESS",
      "message": ""
    }
  }
}
{
  "time": "2025-11-17T17:56:12.429Z",
  "ip": "::ffff:127.0.0.1",
  "body": {
    "partnerKey": "VEVLCYjd+MQtzVY9MuSSdkN3XAItzba3PXfzifH8uGTz1Mvotq2l47zH8dbt4YB7R9Yp+BaoooE=",
    "user": {
      "id": "2157853",
      "currency": "INR"
    },
    "gameData": {
      "providerCode": "EVZ",
      "providerTransactionId": "D800048c3-56b3-4fdb-a78d-9bb6b329fd00",
      "gameCode": "1000419",
      "description": "bet",
      "providerRoundId": "9530340099"
    },
    "transactionData": {
      "id": "996148937",
      "amount": 10,
      "referenceId": ""
    },
    "timestamp": "1763402169694"
  }
}
{
  "time": "2025-11-17T17:56:12.431Z",
  "ip": "104.192.0.106",
  "body": {
    "partnerKey": "VEVLCYjd+MQtzVY9MuSSdkN3XAItzba3PXfzifH8uGTz1Mvotq2l47zH8dbt4YB7R9Yp+BaoooE=",
    "user": {
      "id": "2157853",
      "currency": "INR"
    },
    "gameData": {
      "providerCode": "EVZ",
      "providerTransactionId": "D800048c3-56b3-4fdb-a78d-9bb6b329fd00",
      "gameCode": "1000419",
      "description": "bet",
      "providerRoundId": "9530340099"
    },
    "transactionData": {
      "id": "996148937",
      "amount": 10,
      "referenceId": ""
    },
    "timestamp": "1763402169694"
  },
  "response": {
    "partnerKey": "VEVLCYjd+MQtzVY9MuSSdkN3XAItzba3PXfzifH8uGTz1Mvotq2l47zH8dbt4YB7R9Yp+BaoooE=",
    "timestamp": "1763402172431",
    "userId": "2157853",
    "balance": 20,
    "status": {
      "code": "SUCCESS",
      "message": ""
    }
  }
}
{
  "time": "2025-11-17T17:57:22.147Z",
  "ip": "::ffff:127.0.0.1",
  "body": {
    "partnerKey": "VEVLCYjd+MQtzVY9MuSSdkN3XAItzba3PXfzifH8uGTz1Mvotq2l47zH8dbt4YB7R9Yp+BaoooE=",
    "user": {
      "id": "2157853",
      "currency": "INR"
    },
    "gameData": {
      "providerCode": "EVZ",
      "providerTransactionId": "D878c3950-8970-4c64-8501-907c663c4f66",
      "gameCode": "1000419",
      "description": "bet",
      "providerRoundId": "9530356898"
    },
    "transactionData": {
      "id": "996149947",
      "amount": 10,
      "referenceId": ""
    },
    "timestamp": "1763402239526"
  }
}
{
  "time": "2025-11-17T17:57:22.149Z",
  "ip": "104.192.0.106",
  "body": {
    "partnerKey": "VEVLCYjd+MQtzVY9MuSSdkN3XAItzba3PXfzifH8uGTz1Mvotq2l47zH8dbt4YB7R9Yp+BaoooE=",
    "user": {
      "id": "2157853",
      "currency": "INR"
    },
    "gameData": {
      "providerCode": "EVZ",
      "providerTransactionId": "D878c3950-8970-4c64-8501-907c663c4f66",
      "gameCode": "1000419",
      "description": "bet",
      "providerRoundId": "9530356898"
    },
    "transactionData": {
      "id": "996149947",
      "amount": 10,
      "referenceId": ""
    },
    "timestamp": "1763402239526"
  },
  "response": {
    "partnerKey": "VEVLCYjd+MQtzVY9MuSSdkN3XAItzba3PXfzifH8uGTz1Mvotq2l47zH8dbt4YB7R9Yp+BaoooE=",
    "timestamp": "1763402242149",
    "userId": "2157853",
    "balance": 10,
    "status": {
      "code": "SUCCESS",
      "message": ""
    }
  }
}
{
  "time": "2025-11-17T18:00:57.106Z",
  "ip": "::ffff:127.0.0.1",
  "body": {
    "partnerKey": "VEVLCYjd+MQtzVY9MuSSdkN3XAItzba3PXfzifH8uGTz1Mvotq2l47zH8dbt4YB7R9Yp+BaoooE=",
    "user": {
      "id": "2157853",
      "currency": "INR"
    },
    "gameData": {
      "providerCode": "EVZ",
      "providerTransactionId": "Db4cb95ea-9922-432a-9561-b794b06c305e",
      "gameCode": "1000419",
      "description": "bet",
      "providerRoundId": "9530405365"
    },
    "transactionData": {
      "id": "996153601",
      "amount": 20,
      "referenceId": ""
    },
    "timestamp": "1763402454282"
  }
}
{
  "time": "2025-11-17T18:00:57.108Z",
  "ip": "104.192.0.106",
  "body": {
    "partnerKey": "VEVLCYjd+MQtzVY9MuSSdkN3XAItzba3PXfzifH8uGTz1Mvotq2l47zH8dbt4YB7R9Yp+BaoooE=",
    "user": {
      "id": "2157853",
      "currency": "INR"
    },
    "gameData": {
      "providerCode": "EVZ",
      "providerTransactionId": "Db4cb95ea-9922-432a-9561-b794b06c305e",
      "gameCode": "1000419",
      "description": "bet",
      "providerRoundId": "9530405365"
    },
    "transactionData": {
      "id": "996153601",
      "amount": 20,
      "referenceId": ""
    },
    "timestamp": "1763402454282"
  },
  "response": {
    "partnerKey": "VEVLCYjd+MQtzVY9MuSSdkN3XAItzba3PXfzifH8uGTz1Mvotq2l47zH8dbt4YB7R9Yp+BaoooE=",
    "timestamp": "1763402457108",
    "userId": "2157853",
    "balance": 230,
    "status": {
      "code": "SUCCESS",
      "message": ""
    }
  }
}
{
  "time": "2025-11-17T18:02:06.363Z",
  "ip": "::ffff:127.0.0.1",
  "body": {
    "partnerKey": "VEVLCYjd+MQtzVY9MuSSdkN3XAItzba3PXfzifH8uGTz1Mvotq2l47zH8dbt4YB7R9Yp+BaoooE=",
    "user": {
      "id": "2157853",
      "currency": "INR"
    },
    "gameData": {
      "providerCode": "EVZ",
      "providerTransactionId": "Dbc7b8bcd-0f76-40b2-b624-4a6079f2f3c4",
      "gameCode": "1000419",
      "description": "bet",
      "providerRoundId": "9530418334"
    },
    "transactionData": {
      "id": "996154688",
      "amount": 20,
      "referenceId": ""
    },
    "timestamp": "1763402523885"
  }
}
{
  "time": "2025-11-17T18:02:06.365Z",
  "ip": "104.192.0.106",
  "body": {
    "partnerKey": "VEVLCYjd+MQtzVY9MuSSdkN3XAItzba3PXfzifH8uGTz1Mvotq2l47zH8dbt4YB7R9Yp+BaoooE=",
    "user": {
      "id": "2157853",
      "currency": "INR"
    },
    "gameData": {
      "providerCode": "EVZ",
      "providerTransactionId": "Dbc7b8bcd-0f76-40b2-b624-4a6079f2f3c4",
      "gameCode": "1000419",
      "description": "bet",
      "providerRoundId": "9530418334"
    },
    "transactionData": {
      "id": "996154688",
      "amount": 20,
      "referenceId": ""
    },
    "timestamp": "1763402523885"
  },
  "response": {
    "partnerKey": "VEVLCYjd+MQtzVY9MuSSdkN3XAItzba3PXfzifH8uGTz1Mvotq2l47zH8dbt4YB7R9Yp+BaoooE=",
    "timestamp": "1763402526365",
    "userId": "2157853",
    "balance": 210,
    "status": {
      "code": "SUCCESS",
      "message": ""
    }
  }
}
{
  "time": "2025-11-17T18:03:16.713Z",
  "ip": "::ffff:127.0.0.1",
  "body": {
    "partnerKey": "VEVLCYjd+MQtzVY9MuSSdkN3XAItzba3PXfzifH8uGTz1Mvotq2l47zH8dbt4YB7R9Yp+BaoooE=",
    "user": {
      "id": "2157853",
      "currency": "INR"
    },
    "gameData": {
      "providerCode": "EVZ",
      "providerTransactionId": "D99b1b5fd-b6cc-495e-b4a6-ba201b5cc208",
      "gameCode": "1000419",
      "description": "bet",
      "providerRoundId": "9530436020"
    },
    "transactionData": {
      "id": "996155867",
      "amount": 20,
      "referenceId": ""
    },
    "timestamp": "1763402594025"
  }
}
{
  "time": "2025-11-17T18:03:16.715Z",
  "ip": "104.192.0.106",
  "body": {
    "partnerKey": "VEVLCYjd+MQtzVY9MuSSdkN3XAItzba3PXfzifH8uGTz1Mvotq2l47zH8dbt4YB7R9Yp+BaoooE=",
    "user": {
      "id": "2157853",
      "currency": "INR"
    },
    "gameData": {
      "providerCode": "EVZ",
      "providerTransactionId": "D99b1b5fd-b6cc-495e-b4a6-ba201b5cc208",
      "gameCode": "1000419",
      "description": "bet",
      "providerRoundId": "9530436020"
    },
    "transactionData": {
      "id": "996155867",
      "amount": 20,
      "referenceId": ""
    },
    "timestamp": "1763402594025"
  },
  "response": {
    "partnerKey": "VEVLCYjd+MQtzVY9MuSSdkN3XAItzba3PXfzifH8uGTz1Mvotq2l47zH8dbt4YB7R9Yp+BaoooE=",
    "timestamp": "1763402596715",
    "userId": "2157853",
    "balance": 190,
    "status": {
      "code": "SUCCESS",
      "message": ""
    }
  }
}
{
  "time": "2025-11-17T18:04:25.937Z",
  "ip": "::ffff:127.0.0.1",
  "body": {
    "partnerKey": "VEVLCYjd+MQtzVY9MuSSdkN3XAItzba3PXfzifH8uGTz1Mvotq2l47zH8dbt4YB7R9Yp+BaoooE=",
    "user": {
      "id": "2157853",
      "currency": "INR"
    },
    "gameData": {
      "providerCode": "EVZ",
      "providerTransactionId": "Dd068d3ee-4cc5-4d36-b8f1-e5399bfdfb30",
      "gameCode": "1000419",
      "description": "bet",
      "providerRoundId": "9530452801"
    },
    "transactionData": {
      "id": "996156679",
      "amount": 20,
      "referenceId": ""
    },
    "timestamp": "1763402663192"
  }
}
{
  "time": "2025-11-17T18:04:25.939Z",
  "ip": "104.192.0.106",
  "body": {
    "partnerKey": "VEVLCYjd+MQtzVY9MuSSdkN3XAItzba3PXfzifH8uGTz1Mvotq2l47zH8dbt4YB7R9Yp+BaoooE=",
    "user": {
      "id": "2157853",
      "currency": "INR"
    },
    "gameData": {
      "providerCode": "EVZ",
      "providerTransactionId": "Dd068d3ee-4cc5-4d36-b8f1-e5399bfdfb30",
      "gameCode": "1000419",
      "description": "bet",
      "providerRoundId": "9530452801"
    },
    "transactionData": {
      "id": "996156679",
      "amount": 20,
      "referenceId": ""
    },
    "timestamp": "1763402663192"
  },
  "response": {
    "partnerKey": "VEVLCYjd+MQtzVY9MuSSdkN3XAItzba3PXfzifH8uGTz1Mvotq2l47zH8dbt4YB7R9Yp+BaoooE=",
    "timestamp": "1763402665939",
    "userId": "2157853",
    "balance": 170,
    "status": {
      "code": "SUCCESS",
      "message": ""
    }
  }
}
{
  "time": "2025-11-17T18:05:34.913Z",
  "ip": "::ffff:127.0.0.1",
  "body": {
    "partnerKey": "VEVLCYjd+MQtzVY9MuSSdkN3XAItzba3PXfzifH8uGTz1Mvotq2l47zH8dbt4YB7R9Yp+BaoooE=",
    "user": {
      "id": "2157853",
      "currency": "INR"
    },
    "gameData": {
      "providerCode": "EVZ",
      "providerTransactionId": "Ddec2f30d-49ed-4fdb-a049-2ffdf9bd8a9e",
      "gameCode": "1000419",
      "description": "bet",
      "providerRoundId": "9530471524"
    },
    "transactionData": {
      "id": "996157569",
      "amount": 20,
      "referenceId": ""
    },
    "timestamp": "1763402732103"
  }
}
{
  "time": "2025-11-17T18:05:34.915Z",
  "ip": "104.192.0.106",
  "body": {
    "partnerKey": "VEVLCYjd+MQtzVY9MuSSdkN3XAItzba3PXfzifH8uGTz1Mvotq2l47zH8dbt4YB7R9Yp+BaoooE=",
    "user": {
      "id": "2157853",
      "currency": "INR"
    },
    "gameData": {
      "providerCode": "EVZ",
      "providerTransactionId": "Ddec2f30d-49ed-4fdb-a049-2ffdf9bd8a9e",
      "gameCode": "1000419",
      "description": "bet",
      "providerRoundId": "9530471524"
    },
    "transactionData": {
      "id": "996157569",
      "amount": 20,
      "referenceId": ""
    },
    "timestamp": "1763402732103"
  },
  "response": {
    "partnerKey": "VEVLCYjd+MQtzVY9MuSSdkN3XAItzba3PXfzifH8uGTz1Mvotq2l47zH8dbt4YB7R9Yp+BaoooE=",
    "timestamp": "1763402734915",
    "userId": "2157853",
    "balance": 150,
    "status": {
      "code": "SUCCESS",
      "message": ""
    }
  }
}
{
  "time": "2025-11-17T18:06:47.450Z",
  "ip": "::ffff:127.0.0.1",
  "body": {
    "partnerKey": "VEVLCYjd+MQtzVY9MuSSdkN3XAItzba3PXfzifH8uGTz1Mvotq2l47zH8dbt4YB7R9Yp+BaoooE=",
    "user": {
      "id": "2157853",
      "currency": "INR"
    },
    "gameData": {
      "providerCode": "EVZ",
      "providerTransactionId": "Da7617bf7-d9b0-479c-86ab-0b1895c5724f",
      "gameCode": "1000419",
      "description": "bet",
      "providerRoundId": "9530488472"
    },
    "transactionData": {
      "id": "996158517",
      "amount": 30,
      "referenceId": ""
    },
    "timestamp": "1763402804669"
  }
}
{
  "time": "2025-11-17T18:06:47.452Z",
  "ip": "104.192.0.106",
  "body": {
    "partnerKey": "VEVLCYjd+MQtzVY9MuSSdkN3XAItzba3PXfzifH8uGTz1Mvotq2l47zH8dbt4YB7R9Yp+BaoooE=",
    "user": {
      "id": "2157853",
      "currency": "INR"
    },
    "gameData": {
      "providerCode": "EVZ",
      "providerTransactionId": "Da7617bf7-d9b0-479c-86ab-0b1895c5724f",
      "gameCode": "1000419",
      "description": "bet",
      "providerRoundId": "9530488472"
    },
    "transactionData": {
      "id": "996158517",
      "amount": 30,
      "referenceId": ""
    },
    "timestamp": "1763402804669"
  },
  "response": {
    "partnerKey": "VEVLCYjd+MQtzVY9MuSSdkN3XAItzba3PXfzifH8uGTz1Mvotq2l47zH8dbt4YB7R9Yp+BaoooE=",
    "timestamp": "1763402807452",
    "userId": "2157853",
    "balance": 120,
    "status": {
      "code": "SUCCESS",
      "message": ""
    }
  }
}
{
  "time": "2025-11-17T18:07:57.737Z",
  "ip": "::ffff:127.0.0.1",
  "body": {
    "partnerKey": "VEVLCYjd+MQtzVY9MuSSdkN3XAItzba3PXfzifH8uGTz1Mvotq2l47zH8dbt4YB7R9Yp+BaoooE=",
    "user": {
      "id": "2157853",
      "currency": "INR"
    },
    "gameData": {
      "providerCode": "EVZ",
      "providerTransactionId": "D6d93dcfe-9cd6-4540-bca2-eb3c0f35108c",
      "gameCode": "1000419",
      "description": "bet",
      "providerRoundId": "9530505167"
    },
    "transactionData": {
      "id": "996159355",
      "amount": 20,
      "referenceId": ""
    },
    "timestamp": "1763402874767"
  }
}
{
  "time": "2025-11-17T18:07:57.739Z",
  "ip": "104.192.0.106",
  "body": {
    "partnerKey": "VEVLCYjd+MQtzVY9MuSSdkN3XAItzba3PXfzifH8uGTz1Mvotq2l47zH8dbt4YB7R9Yp+BaoooE=",
    "user": {
      "id": "2157853",
      "currency": "INR"
    },
    "gameData": {
      "providerCode": "EVZ",
      "providerTransactionId": "D6d93dcfe-9cd6-4540-bca2-eb3c0f35108c",
      "gameCode": "1000419",
      "description": "bet",
      "providerRoundId": "9530505167"
    },
    "transactionData": {
      "id": "996159355",
      "amount": 20,
      "referenceId": ""
    },
    "timestamp": "1763402874767"
  },
  "response": {
    "partnerKey": "VEVLCYjd+MQtzVY9MuSSdkN3XAItzba3PXfzifH8uGTz1Mvotq2l47zH8dbt4YB7R9Yp+BaoooE=",
    "timestamp": "1763402877739",
    "userId": "2157853",
    "balance": 100,
    "status": {
      "code": "SUCCESS",
      "message": ""
    }
  }
}
{
  "time": "2025-11-17T18:09:12.223Z",
  "ip": "::ffff:127.0.0.1",
  "body": {
    "partnerKey": "VEVLCYjd+MQtzVY9MuSSdkN3XAItzba3PXfzifH8uGTz1Mvotq2l47zH8dbt4YB7R9Yp+BaoooE=",
    "user": {
      "id": "2157853",
      "currency": "INR"
    },
    "gameData": {
      "providerCode": "EVZ",
      "providerTransactionId": "Dcfb8d2eb-bd0a-458b-a94a-3ca7420dbe22",
      "gameCode": "1000419",
      "description": "bet",
      "providerRoundId": "9530521344"
    },
    "transactionData": {
      "id": "996160432",
      "amount": 20,
      "referenceId": ""
    },
    "timestamp": "1763402949666"
  }
}
{
  "time": "2025-11-17T18:09:12.224Z",
  "ip": "104.192.0.106",
  "body": {
    "partnerKey": "VEVLCYjd+MQtzVY9MuSSdkN3XAItzba3PXfzifH8uGTz1Mvotq2l47zH8dbt4YB7R9Yp+BaoooE=",
    "user": {
      "id": "2157853",
      "currency": "INR"
    },
    "gameData": {
      "providerCode": "EVZ",
      "providerTransactionId": "Dcfb8d2eb-bd0a-458b-a94a-3ca7420dbe22",
      "gameCode": "1000419",
      "description": "bet",
      "providerRoundId": "9530521344"
    },
    "transactionData": {
      "id": "996160432",
      "amount": 20,
      "referenceId": ""
    },
    "timestamp": "1763402949666"
  },
  "response": {
    "partnerKey": "VEVLCYjd+MQtzVY9MuSSdkN3XAItzba3PXfzifH8uGTz1Mvotq2l47zH8dbt4YB7R9Yp+BaoooE=",
    "timestamp": "1763402952224",
    "userId": "2157853",
    "balance": 80,
    "status": {
      "code": "SUCCESS",
      "message": ""
    }
  }
}
{
  "time": "2025-11-17T18:10:23.125Z",
  "ip": "::ffff:127.0.0.1",
  "body": {
    "partnerKey": "VEVLCYjd+MQtzVY9MuSSdkN3XAItzba3PXfzifH8uGTz1Mvotq2l47zH8dbt4YB7R9Yp+BaoooE=",
    "user": {
      "id": "2157853",
      "currency": "INR"
    },
    "gameData": {
      "providerCode": "EVZ",
      "providerTransactionId": "Db3c7bce3-4e34-49e3-b151-25979568a16e",
      "gameCode": "1000419",
      "description": "bet",
      "providerRoundId": "9530538795"
    },
    "transactionData": {
      "id": "996161329",
      "amount": 20,
      "referenceId": ""
    },
    "timestamp": "1763403019576"
  }
}
{
  "time": "2025-11-17T18:10:23.126Z",
  "ip": "104.192.0.106",
  "body": {
    "partnerKey": "VEVLCYjd+MQtzVY9MuSSdkN3XAItzba3PXfzifH8uGTz1Mvotq2l47zH8dbt4YB7R9Yp+BaoooE=",
    "user": {
      "id": "2157853",
      "currency": "INR"
    },
    "gameData": {
      "providerCode": "EVZ",
      "providerTransactionId": "Db3c7bce3-4e34-49e3-b151-25979568a16e",
      "gameCode": "1000419",
      "description": "bet",
      "providerRoundId": "9530538795"
    },
    "transactionData": {
      "id": "996161329",
      "amount": 20,
      "referenceId": ""
    },
    "timestamp": "1763403019576"
  },
  "response": {
    "partnerKey": "VEVLCYjd+MQtzVY9MuSSdkN3XAItzba3PXfzifH8uGTz1Mvotq2l47zH8dbt4YB7R9Yp+BaoooE=",
    "timestamp": "1763403023126",
    "userId": "2157853",
    "balance": 60,
    "status": {
      "code": "SUCCESS",
      "message": ""
    }
  }
}
{
  "time": "2025-11-17T18:15:06.702Z",
  "ip": "::ffff:127.0.0.1",
  "body": {
    "partnerKey": "VEVLCYjd+MQtzVY9MuSSdkN3XAItzba3PXfzifH8uGTz1Mvotq2l47zH8dbt4YB7R9Yp+BaoooE=",
    "user": {
      "id": "2157853",
      "currency": "INR"
    },
    "gameData": {
      "providerCode": "EVZ",
      "providerTransactionId": "D6aef06f4-2339-4bed-90bb-5c087c215651",
      "gameCode": "1000419",
      "description": "bet",
      "providerRoundId": "9530602026"
    },
    "transactionData": {
      "id": "996164747",
      "amount": 10,
      "referenceId": ""
    },
    "timestamp": "1763403303879"
  }
}
{
  "time": "2025-11-17T18:15:06.703Z",
  "ip": "104.192.0.106",
  "body": {
    "partnerKey": "VEVLCYjd+MQtzVY9MuSSdkN3XAItzba3PXfzifH8uGTz1Mvotq2l47zH8dbt4YB7R9Yp+BaoooE=",
    "user": {
      "id": "2157853",
      "currency": "INR"
    },
    "gameData": {
      "providerCode": "EVZ",
      "providerTransactionId": "D6aef06f4-2339-4bed-90bb-5c087c215651",
      "gameCode": "1000419",
      "description": "bet",
      "providerRoundId": "9530602026"
    },
    "transactionData": {
      "id": "996164747",
      "amount": 10,
      "referenceId": ""
    },
    "timestamp": "1763403303879"
  },
  "response": {
    "partnerKey": "VEVLCYjd+MQtzVY9MuSSdkN3XAItzba3PXfzifH8uGTz1Mvotq2l47zH8dbt4YB7R9Yp+BaoooE=",
    "timestamp": "1763403306703",
    "userId": "2157853",
    "balance": 50,
    "status": {
      "code": "SUCCESS",
      "message": ""
    }
  }
}
{
  "time": "2025-11-17T18:16:17.922Z",
  "ip": "::ffff:127.0.0.1",
  "body": {
    "partnerKey": "VEVLCYjd+MQtzVY9MuSSdkN3XAItzba3PXfzifH8uGTz1Mvotq2l47zH8dbt4YB7R9Yp+BaoooE=",
    "user": {
      "id": "2157853",
      "currency": "INR"
    },
    "gameData": {
      "providerCode": "EVZ",
      "providerTransactionId": "D31fb500c-d23f-491d-9cee-5c474f1ce67f",
      "gameCode": "1000419",
      "description": "bet",
      "providerRoundId": "9530618839"
    },
    "transactionData": {
      "id": "996165534",
      "amount": 10,
      "referenceId": ""
    },
    "timestamp": "1763403375412"
  }
}
{
  "time": "2025-11-17T18:16:17.924Z",
  "ip": "104.192.0.106",
  "body": {
    "partnerKey": "VEVLCYjd+MQtzVY9MuSSdkN3XAItzba3PXfzifH8uGTz1Mvotq2l47zH8dbt4YB7R9Yp+BaoooE=",
    "user": {
      "id": "2157853",
      "currency": "INR"
    },
    "gameData": {
      "providerCode": "EVZ",
      "providerTransactionId": "D31fb500c-d23f-491d-9cee-5c474f1ce67f",
      "gameCode": "1000419",
      "description": "bet",
      "providerRoundId": "9530618839"
    },
    "transactionData": {
      "id": "996165534",
      "amount": 10,
      "referenceId": ""
    },
    "timestamp": "1763403375412"
  },
  "response": {
    "partnerKey": "VEVLCYjd+MQtzVY9MuSSdkN3XAItzba3PXfzifH8uGTz1Mvotq2l47zH8dbt4YB7R9Yp+BaoooE=",
    "timestamp": "1763403377924",
    "userId": "2157853",
    "balance": 40,
    "status": {
      "code": "SUCCESS",
      "message": ""
    }
  }
}
{
  "time": "2025-11-17T18:17:29.570Z",
  "ip": "::ffff:127.0.0.1",
  "body": {
    "partnerKey": "VEVLCYjd+MQtzVY9MuSSdkN3XAItzba3PXfzifH8uGTz1Mvotq2l47zH8dbt4YB7R9Yp+BaoooE=",
    "user": {
      "id": "2157853",
      "currency": "INR"
    },
    "gameData": {
      "providerCode": "EVZ",
      "providerTransactionId": "Dd9f9d2dd-0726-44c6-b2dc-6b917aa5c41f",
      "gameCode": "1000419",
      "description": "bet",
      "providerRoundId": "9530634676"
    },
    "transactionData": {
      "id": "996166406",
      "amount": 10,
      "referenceId": ""
    },
    "timestamp": "1763403446759"
  }
}
{
  "time": "2025-11-17T18:17:29.573Z",
  "ip": "104.192.0.106",
  "body": {
    "partnerKey": "VEVLCYjd+MQtzVY9MuSSdkN3XAItzba3PXfzifH8uGTz1Mvotq2l47zH8dbt4YB7R9Yp+BaoooE=",
    "user": {
      "id": "2157853",
      "currency": "INR"
    },
    "gameData": {
      "providerCode": "EVZ",
      "providerTransactionId": "Dd9f9d2dd-0726-44c6-b2dc-6b917aa5c41f",
      "gameCode": "1000419",
      "description": "bet",
      "providerRoundId": "9530634676"
    },
    "transactionData": {
      "id": "996166406",
      "amount": 10,
      "referenceId": ""
    },
    "timestamp": "1763403446759"
  },
  "response": {
    "partnerKey": "VEVLCYjd+MQtzVY9MuSSdkN3XAItzba3PXfzifH8uGTz1Mvotq2l47zH8dbt4YB7R9Yp+BaoooE=",
    "timestamp": "1763403449573",
    "userId": "2157853",
    "balance": 30,
    "status": {
      "code": "SUCCESS",
      "message": ""
    }
  }
}
{
  "time": "2025-11-17T18:23:59.004Z",
  "ip": "::ffff:127.0.0.1",
  "body": {
    "partnerKey": "VEVLCYjd+MQtzVY9MuSSdkN3XAItzba3PXfzifH8uGTz1Mvotq2l47zH8dbt4YB7R9Yp+BaoooE=",
    "user": {
      "id": "2157853",
      "currency": "INR"
    },
    "gameData": {
      "providerCode": "EVZ",
      "providerTransactionId": "De90f3b14-d614-4a7c-b519-3407372cec89",
      "gameCode": "1000419",
      "description": "bet",
      "providerRoundId": "9530715893"
    },
    "transactionData": {
      "id": "996171264",
      "amount": 10,
      "referenceId": ""
    },
    "timestamp": "1763403836212"
  }
}
{
  "time": "2025-11-17T18:23:59.005Z",
  "ip": "104.192.0.106",
  "body": {
    "partnerKey": "VEVLCYjd+MQtzVY9MuSSdkN3XAItzba3PXfzifH8uGTz1Mvotq2l47zH8dbt4YB7R9Yp+BaoooE=",
    "user": {
      "id": "2157853",
      "currency": "INR"
    },
    "gameData": {
      "providerCode": "EVZ",
      "providerTransactionId": "De90f3b14-d614-4a7c-b519-3407372cec89",
      "gameCode": "1000419",
      "description": "bet",
      "providerRoundId": "9530715893"
    },
    "transactionData": {
      "id": "996171264",
      "amount": 10,
      "referenceId": ""
    },
    "timestamp": "1763403836212"
  },
  "response": {
    "partnerKey": "VEVLCYjd+MQtzVY9MuSSdkN3XAItzba3PXfzifH8uGTz1Mvotq2l47zH8dbt4YB7R9Yp+BaoooE=",
    "timestamp": "1763403839005",
    "userId": "2157853",
    "balance": 20,
    "status": {
      "code": "SUCCESS",
      "message": ""
    }
  }
}
{
  "time": "2025-11-17T18:25:12.045Z",
  "ip": "::ffff:127.0.0.1",
  "body": {
    "partnerKey": "VEVLCYjd+MQtzVY9MuSSdkN3XAItzba3PXfzifH8uGTz1Mvotq2l47zH8dbt4YB7R9Yp+BaoooE=",
    "user": {
      "id": "2157853",
      "currency": "INR"
    },
    "gameData": {
      "providerCode": "EVZ",
      "providerTransactionId": "D87f3c7a1-6a99-4f2c-aef7-02edb078ac52",
      "gameCode": "1000419",
      "description": "bet",
      "providerRoundId": "9530731615"
    },
    "transactionData": {
      "id": "996171988",
      "amount": 10,
      "referenceId": ""
    },
    "timestamp": "1763403909280"
  }
}
{
  "time": "2025-11-17T18:25:12.046Z",
  "ip": "104.192.0.106",
  "body": {
    "partnerKey": "VEVLCYjd+MQtzVY9MuSSdkN3XAItzba3PXfzifH8uGTz1Mvotq2l47zH8dbt4YB7R9Yp+BaoooE=",
    "user": {
      "id": "2157853",
      "currency": "INR"
    },
    "gameData": {
      "providerCode": "EVZ",
      "providerTransactionId": "D87f3c7a1-6a99-4f2c-aef7-02edb078ac52",
      "gameCode": "1000419",
      "description": "bet",
      "providerRoundId": "9530731615"
    },
    "transactionData": {
      "id": "996171988",
      "amount": 10,
      "referenceId": ""
    },
    "timestamp": "1763403909280"
  },
  "response": {
    "partnerKey": "VEVLCYjd+MQtzVY9MuSSdkN3XAItzba3PXfzifH8uGTz1Mvotq2l47zH8dbt4YB7R9Yp+BaoooE=",
    "timestamp": "1763403912046",
    "userId": "2157853",
    "balance": 10,
    "status": {
      "code": "SUCCESS",
      "message": ""
    }
  }
}
{
  "time": "2025-11-17T18:26:20.571Z",
  "ip": "::ffff:127.0.0.1",
  "body": {
    "partnerKey": "VEVLCYjd+MQtzVY9MuSSdkN3XAItzba3PXfzifH8uGTz1Mvotq2l47zH8dbt4YB7R9Yp+BaoooE=",
    "user": {
      "id": "2157853",
      "currency": "INR"
    },
    "gameData": {
      "providerCode": "EVZ",
      "providerTransactionId": "D10b8d299-6681-4340-b1ff-91a00ae820d6",
      "gameCode": "1000419",
      "description": "bet",
      "providerRoundId": "9530745040"
    },
    "transactionData": {
      "id": "996172616",
      "amount": 10,
      "referenceId": ""
    },
    "timestamp": "1763403977707"
  }
}
{
  "time": "2025-11-17T18:26:20.573Z",
  "ip": "104.192.0.106",
  "body": {
    "partnerKey": "VEVLCYjd+MQtzVY9MuSSdkN3XAItzba3PXfzifH8uGTz1Mvotq2l47zH8dbt4YB7R9Yp+BaoooE=",
    "user": {
      "id": "2157853",
      "currency": "INR"
    },
    "gameData": {
      "providerCode": "EVZ",
      "providerTransactionId": "D10b8d299-6681-4340-b1ff-91a00ae820d6",
      "gameCode": "1000419",
      "description": "bet",
      "providerRoundId": "9530745040"
    },
    "transactionData": {
      "id": "996172616",
      "amount": 10,
      "referenceId": ""
    },
    "timestamp": "1763403977707"
  },
  "response": {
    "partnerKey": "VEVLCYjd+MQtzVY9MuSSdkN3XAItzba3PXfzifH8uGTz1Mvotq2l47zH8dbt4YB7R9Yp+BaoooE=",
    "timestamp": "1763403980573",
    "userId": "2157853",
    "balance": 0,
    "status": {
      "code": "SUCCESS",
      "message": ""
    }
  }
}
