{
  "time": "2025-11-15T10:35:17.650Z",
  "ip": "::ffff:127.0.0.1",
  "body": {
    "partnerKey": "VEVLCYjd+MQtzVY9MuSSdkN3XAItzba3PXfzifH8uGTz1Mvotq2l47zH8dbt4YB7R9Yp+BaoooE=",
    "user": {
      "id": "3335856",
      "currency": "INR"
    },
    "gameData": {
      "providerCode": "EVZ",
      "providerTransactionId": "C2e467b9a-d26c-41f8-ab8b-718f47856884",
      "gameCode": "1000092",
      "description": "lose",
      "providerRoundId": "9498431520"
    },
    "transactionData": {
      "id": "993891201",
      "amount": 0,
      "referenceId": "993890840"
    },
    "timestamp": "1763202916309"
  }
}
{
  "time": "2025-11-15T10:35:17.651Z",
  "ip": "104.192.0.106",
  "body": {
    "partnerKey": "VEVLCYjd+MQtzVY9MuSSdkN3XAItzba3PXfzifH8uGTz1Mvotq2l47zH8dbt4YB7R9Yp+BaoooE=",
    "user": {
      "id": "3335856",
      "currency": "INR"
    },
    "gameData": {
      "providerCode": "EVZ",
      "providerTransactionId": "C2e467b9a-d26c-41f8-ab8b-718f47856884",
      "gameCode": "1000092",
      "description": "lose",
      "providerRoundId": "9498431520"
    },
    "transactionData": {
      "id": "993891201",
      "amount": 0,
      "referenceId": "993890840"
    },
    "timestamp": "1763202916309"
  },
  "response": {
    "partnerKey": "VEVLCYjd+MQtzVY9MuSSdkN3XAItzba3PXfzifH8uGTz1Mvotq2l47zH8dbt4YB7R9Yp+BaoooE=",
    "timestamp": "1763202917651",
    "userId": "3335856",
    "balance": 2298.38,
    "status": {
      "code": "SUCCESS",
      "message": ""
    }
  }
}
{
  "time": "2025-11-15T10:36:57.610Z",
  "ip": "::ffff:127.0.0.1",
  "body": {
    "partnerKey": "VEVLCYjd+MQtzVY9MuSSdkN3XAItzba3PXfzifH8uGTz1Mvotq2l47zH8dbt4YB7R9Yp+BaoooE=",
    "user": {
      "id": "3335856",
      "currency": "INR"
    },
    "gameData": {
      "providerCode": "EVZ",
      "providerTransactionId": "C20848cec-a5ce-4cbd-b3e1-2edbbab2323c",
      "gameCode": "1000092",
      "description": "lose",
      "providerRoundId": "9498446580"
    },
    "transactionData": {
      "id": "993892469",
      "amount": 0,
      "referenceId": "993892021"
    },
    "timestamp": "1763203016235"
  }
}
{
  "time": "2025-11-15T10:36:57.611Z",
  "ip": "104.192.0.106",
  "body": {
    "partnerKey": "VEVLCYjd+MQtzVY9MuSSdkN3XAItzba3PXfzifH8uGTz1Mvotq2l47zH8dbt4YB7R9Yp+BaoooE=",
    "user": {
      "id": "3335856",
      "currency": "INR"
    },
    "gameData": {
      "providerCode": "EVZ",
      "providerTransactionId": "C20848cec-a5ce-4cbd-b3e1-2edbbab2323c",
      "gameCode": "1000092",
      "description": "lose",
      "providerRoundId": "9498446580"
    },
    "transactionData": {
      "id": "993892469",
      "amount": 0,
      "referenceId": "993892021"
    },
    "timestamp": "1763203016235"
  },
  "response": {
    "partnerKey": "VEVLCYjd+MQtzVY9MuSSdkN3XAItzba3PXfzifH8uGTz1Mvotq2l47zH8dbt4YB7R9Yp+BaoooE=",
    "timestamp": "1763203017611",
    "userId": "3335856",
    "balance": 2148.38,
    "status": {
      "code": "SUCCESS",
      "message": ""
    }
  }
}
{
  "time": "2025-11-15T10:38:38.550Z",
  "ip": "::ffff:127.0.0.1",
  "body": {
    "partnerKey": "VEVLCYjd+MQtzVY9MuSSdkN3XAItzba3PXfzifH8uGTz1Mvotq2l47zH8dbt4YB7R9Yp+BaoooE=",
    "user": {
      "id": "3335856",
      "currency": "INR"
    },
    "gameData": {
      "providerCode": "EVZ",
      "providerTransactionId": "Cedc58e87-1c52-407f-b452-77e1f21ea39f",
      "gameCode": "1000092",
      "description": "lose",
      "providerRoundId": "9498465057"
    },
    "transactionData": {
      "id": "993893818",
      "amount": 0,
      "referenceId": "993893379"
    },
    "timestamp": "1763203117140"
  }
}
{
  "time": "2025-11-15T10:38:38.551Z",
  "ip": "104.192.0.106",
  "body": {
    "partnerKey": "VEVLCYjd+MQtzVY9MuSSdkN3XAItzba3PXfzifH8uGTz1Mvotq2l47zH8dbt4YB7R9Yp+BaoooE=",
    "user": {
      "id": "3335856",
      "currency": "INR"
    },
    "gameData": {
      "providerCode": "EVZ",
      "providerTransactionId": "Cedc58e87-1c52-407f-b452-77e1f21ea39f",
      "gameCode": "1000092",
      "description": "lose",
      "providerRoundId": "9498465057"
    },
    "transactionData": {
      "id": "993893818",
      "amount": 0,
      "referenceId": "993893379"
    },
    "timestamp": "1763203117140"
  },
  "response": {
    "partnerKey": "VEVLCYjd+MQtzVY9MuSSdkN3XAItzba3PXfzifH8uGTz1Mvotq2l47zH8dbt4YB7R9Yp+BaoooE=",
    "timestamp": "1763203118551",
    "userId": "3335856",
    "balance": 2048.38,
    "status": {
      "code": "SUCCESS",
      "message": ""
    }
  }
}
{
  "time": "2025-11-15T12:11:11.175Z",
  "ip": "::ffff:127.0.0.1",
  "body": {
    "partnerKey": "Gq1FOuQKNaVsr3PtaSgDlnKTa1o48U2jROX6fLVhf4Klzh2RgHIuFMUFGVR3PEkhwHRgBipsY1A=",
    "user": {
      "id": "6337710",
      "currency": "LKR"
    },
    "gameData": {
      "providerCode": "EZ",
      "providerTransactionId": "c46ac826-2e9a-4deb-ba85-af018c511066",
      "gameCode": "221000",
      "description": "win",
      "providerRoundId": "9499329075"
    },
    "transactionData": {
      "id": "993980710",
      "amount": 100,
      "referenceId": "993980536"
    },
    "timestamp": "1763208669769"
  }
}
{
  "time": "2025-11-15T12:11:11.179Z",
  "ip": "104.192.0.106",
  "body": {
    "partnerKey": "Gq1FOuQKNaVsr3PtaSgDlnKTa1o48U2jROX6fLVhf4Klzh2RgHIuFMUFGVR3PEkhwHRgBipsY1A=",
    "user": {
      "id": "6337710",
      "currency": "LKR"
    },
    "gameData": {
      "providerCode": "EZ",
      "providerTransactionId": "c46ac826-2e9a-4deb-ba85-af018c511066",
      "gameCode": "221000",
      "description": "win",
      "providerRoundId": "9499329075"
    },
    "transactionData": {
      "id": "993980710",
      "amount": 100,
      "referenceId": "993980536"
    },
    "timestamp": "1763208669769"
  },
  "response": {
    "partnerKey": "Gq1FOuQKNaVsr3PtaSgDlnKTa1o48U2jROX6fLVhf4Klzh2RgHIuFMUFGVR3PEkhwHRgBipsY1A=",
    "timestamp": "1763208671179",
    "userId": "6337710",
    "balance": 100,
    "status": {
      "code": "SUCCESS",
      "message": ""
    }
  }
}
{
  "time": "2025-11-15T12:11:47.386Z",
  "ip": "::ffff:127.0.0.1",
  "body": {
    "partnerKey": "Gq1FOuQKNaVsr3PtaSgDlnKTa1o48U2jROX6fLVhf4Klzh2RgHIuFMUFGVR3PEkhwHRgBipsY1A=",
    "user": {
      "id": "6337710",
      "currency": "LKR"
    },
    "gameData": {
      "providerCode": "EZ",
      "providerTransactionId": "ca300654-8f51-4862-a072-305c2ace4ba2",
      "gameCode": "221000",
      "description": "win",
      "providerRoundId": "9499333582"
    },
    "transactionData": {
      "id": "993981260",
      "amount": 100,
      "referenceId": "993980968"
    },
    "timestamp": "1763208705981"
  }
}
{
  "time": "2025-11-15T12:11:47.388Z",
  "ip": "104.192.0.106",
  "body": {
    "partnerKey": "Gq1FOuQKNaVsr3PtaSgDlnKTa1o48U2jROX6fLVhf4Klzh2RgHIuFMUFGVR3PEkhwHRgBipsY1A=",
    "user": {
      "id": "6337710",
      "currency": "LKR"
    },
    "gameData": {
      "providerCode": "EZ",
      "providerTransactionId": "ca300654-8f51-4862-a072-305c2ace4ba2",
      "gameCode": "221000",
      "description": "win",
      "providerRoundId": "9499333582"
    },
    "transactionData": {
      "id": "993981260",
      "amount": 100,
      "referenceId": "993980968"
    },
    "timestamp": "1763208705981"
  },
  "response": {
    "partnerKey": "Gq1FOuQKNaVsr3PtaSgDlnKTa1o48U2jROX6fLVhf4Klzh2RgHIuFMUFGVR3PEkhwHRgBipsY1A=",
    "timestamp": "1763208707388",
    "userId": "6337710",
    "balance": 150,
    "status": {
      "code": "SUCCESS",
      "message": ""
    }
  }
}
{
  "time": "2025-11-15T12:12:20.314Z",
  "ip": "::ffff:127.0.0.1",
  "body": {
    "partnerKey": "Gq1FOuQKNaVsr3PtaSgDlnKTa1o48U2jROX6fLVhf4Klzh2RgHIuFMUFGVR3PEkhwHRgBipsY1A=",
    "user": {
      "id": "6337710",
      "currency": "LKR"
    },
    "gameData": {
      "providerCode": "EZ",
      "providerTransactionId": "c29db85e-42d5-4001-9ac5-f6dde76f9421",
      "gameCode": "221000",
      "description": "lose",
      "providerRoundId": "9499340078"
    },
    "transactionData": {
      "id": "993981798",
      "amount": 0,
      "referenceId": "993981560"
    },
    "timestamp": "1763208738931"
  }
}
{
  "time": "2025-11-15T12:12:20.315Z",
  "ip": "104.192.0.106",
  "body": {
    "partnerKey": "Gq1FOuQKNaVsr3PtaSgDlnKTa1o48U2jROX6fLVhf4Klzh2RgHIuFMUFGVR3PEkhwHRgBipsY1A=",
    "user": {
      "id": "6337710",
      "currency": "LKR"
    },
    "gameData": {
      "providerCode": "EZ",
      "providerTransactionId": "c29db85e-42d5-4001-9ac5-f6dde76f9421",
      "gameCode": "221000",
      "description": "lose",
      "providerRoundId": "9499340078"
    },
    "transactionData": {
      "id": "993981798",
      "amount": 0,
      "referenceId": "993981560"
    },
    "timestamp": "1763208738931"
  },
  "response": {
    "partnerKey": "Gq1FOuQKNaVsr3PtaSgDlnKTa1o48U2jROX6fLVhf4Klzh2RgHIuFMUFGVR3PEkhwHRgBipsY1A=",
    "timestamp": "1763208740315",
    "userId": "6337710",
    "balance": 100,
    "status": {
      "code": "SUCCESS",
      "message": ""
    }
  }
}
{
  "time": "2025-11-15T12:13:24.850Z",
  "ip": "::ffff:127.0.0.1",
  "body": {
    "partnerKey": "Gq1FOuQKNaVsr3PtaSgDlnKTa1o48U2jROX6fLVhf4Klzh2RgHIuFMUFGVR3PEkhwHRgBipsY1A=",
    "user": {
      "id": "6337710",
      "currency": "LKR"
    },
    "gameData": {
      "providerCode": "EZ",
      "providerTransactionId": "ca947316-6a86-4976-b103-d42d52f808e6",
      "gameCode": "221000",
      "description": "lose",
      "providerRoundId": "9499349932"
    },
    "transactionData": {
      "id": "993982758",
      "amount": 0,
      "referenceId": "993982566"
    },
    "timestamp": "1763208803496"
  }
}
{
  "time": "2025-11-15T12:13:24.851Z",
  "ip": "104.192.0.106",
  "body": {
    "partnerKey": "Gq1FOuQKNaVsr3PtaSgDlnKTa1o48U2jROX6fLVhf4Klzh2RgHIuFMUFGVR3PEkhwHRgBipsY1A=",
    "user": {
      "id": "6337710",
      "currency": "LKR"
    },
    "gameData": {
      "providerCode": "EZ",
      "providerTransactionId": "ca947316-6a86-4976-b103-d42d52f808e6",
      "gameCode": "221000",
      "description": "lose",
      "providerRoundId": "9499349932"
    },
    "transactionData": {
      "id": "993982758",
      "amount": 0,
      "referenceId": "993982566"
    },
    "timestamp": "1763208803496"
  },
  "response": {
    "partnerKey": "Gq1FOuQKNaVsr3PtaSgDlnKTa1o48U2jROX6fLVhf4Klzh2RgHIuFMUFGVR3PEkhwHRgBipsY1A=",
    "timestamp": "1763208804851",
    "userId": "6337710",
    "balance": 0,
    "status": {
      "code": "SUCCESS",
      "message": ""
    }
  }
}
