{
  "time": "2025-11-13T05:40:36.738Z",
  "ip": "35.200.219.25",
  "url": "/api/webapi/payment/top/withdrawNotify",
  "method": "POST",
  "body": {
    "orderType": "2",
    "merchantCode": "S820251025125903000005",
    "sign": "KJ519y0mainzHwLNpJLW2N+Q4pB2Eyo8WjlV1dfkXgF4soPNT6LXUYZaVhtIT3/KLDwuq7y3V+TV+Ng68gpYfzGKfVyuyjMm+zHwHysFHdW0t8oXJty7J7x+tKze3kdn9KjhRSMOe9hujcKUXtdS1zfwAFg+js+Eg5bRe6JhPb38zMHHGhczKLSshVPAFFMRIXofFcHwi7WTz8BLNp/pGT+X7Tn8sRujMAtnRK0EKyu2ArY7Vr3hZ+mM+TYkN1Y323iOjIDnk64N7v2P0WgvPGFwBMxuyOjAMbNzAhRHMNrGkpsp7BD4j5y0f6LGs2boH4SNsf322vNENUKYb5q5+g==",
    "orderNum": "20251011215322567727242",
    "realAmount": "315.00",
    "platOrderNum": "LOAN1438251892851290112",
    "orderAmount": "300.00",
    "status": "40",
    "timestamp": "1763012436"
  },
  "query": {},
  "response": {
    "receivedId": "unknown_id"
  }
}
{
  "time": "2025-11-13T05:46:38.760Z",
  "ip": "27.58.79.255",
  "url": "/api/webapi/payment/top/withdrawNotify",
  "method": "POST",
  "body": {},
  "query": {},
  "response": {
    "receivedId": "unknown_id"
  }
}
{
  "time": "2025-11-13T05:48:43.519Z",
  "ip": "27.58.79.255",
  "url": "/api/webapi/payment/top/withdrawNotify",
  "method": "POST",
  "body": {
    "orderType": "2",
    "merchantCode": "S820251025125903000005",
    "sign": "KJ519y0mainzHwLNpJLW2N+Q4pB2Eyo8WjlV1dfkXgF4soPNT6LXUYZaVhtIT3/KLDwuq7y3V+TV+Ng68gpYfzGKfVyuyjMm+zHwHysFHdW0t8oXJty7J7x+tKze3kdn9KjhRSMOe9hujcKUXtdS1zfwAFg+js+Eg5bRe6JhPb38zMHHGhczKLSshVPAFFMRIXofFcHwi7WTz8BLNp/pGT+X7Tn8sRujMAtnRK0EKyu2ArY7Vr3hZ+mM+TYkN1Y323iOjIDnk64N7v2P0WgvPGFwBMxuyOjAMbNzAhRHMNrGkpsp7BD4j5y0f6LGs2boH4SNsf322vNENUKYb5q5+g==",
    "orderNum": "20251011215322567727242",
    "realAmount": "315.00",
    "platOrderNum": "LOAN1438251892851290112",
    "orderAmount": "300.00",
    "status": "40",
    "timestamp": "1763012436"
  },
  "query": {},
  "response": {
    "receivedId": "unknown_id"
  }
}
{
  "time": "2025-11-13T06:09:37.225Z",
  "ip": "27.58.79.255",
  "url": "/api/webapi/payment/top/withdrawNotify",
  "method": "POST",
  "body": {
    "orderType": "2",
    "merchantCode": "S820251025125903000005",
    "sign": "KJ519y0mainzHwLNpJLW2N+Q4pB2Eyo8WjlV1dfkXgF4soPNT6LXUYZaVhtIT3/KLDwuq7y3V+TV+Ng68gpYfzGKfVyuyjMm+zHwHysFHdW0t8oXJty7J7x+tKze3kdn9KjhRSMOe9hujcKUXtdS1zfwAFg+js+Eg5bRe6JhPb38zMHHGhczKLSshVPAFFMRIXofFcHwi7WTz8BLNp/pGT+X7Tn8sRujMAtnRK0EKyu2ArY7Vr3hZ+mM+TYkN1Y323iOjIDnk64N7v2P0WgvPGFwBMxuyOjAMbNzAhRHMNrGkpsp7BD4j5y0f6LGs2boH4SNsf322vNENUKYb5q5+g==",
    "orderNum": "20251011215322567727242",
    "realAmount": "315.00",
    "platOrderNum": "LOAN1438251892851290112",
    "orderAmount": "300.00",
    "status": "40",
    "timestamp": "1763012436"
  },
  "query": {},
  "response": {
    "receivedOrder": "20251011215322567727242"
  }
}
{
  "time": "2025-11-13T06:16:02.084Z",
  "ip": "27.58.79.255",
  "url": "/api/webapi/payment/top/withdrawNotify",
  "method": "POST",
  "body": {
    "orderType": "2",
    "merchantCode": "S820251025125903000005",
    "sign": "KJ519y0mainzHwLNpJLW2N+Q4pB2Eyo8WjlV1dfkXgF4soPNT6LXUYZaVhtIT3/KLDwuq7y3V+TV+Ng68gpYfzGKfVyuyjMm+zHwHysFHdW0t8oXJty7J7x+tKze3kdn9KjhRSMOe9hujcKUXtdS1zfwAFg+js+Eg5bRe6JhPb38zMHHGhczKLSshVPAFFMRIXofFcHwi7WTz8BLNp/pGT+X7Tn8sRujMAtnRK0EKyu2ArY7Vr3hZ+mM+TYkN1Y323iOjIDnk64N7v2P0WgvPGFwBMxuyOjAMbNzAhRHMNrGkpsp7BD4j5y0f6LGs2boH4SNsf322vNENUKYb5q5+g==",
    "orderNum": "20251011215322567727242",
    "realAmount": "315.00",
    "platOrderNum": "LOAN1438251892851290112",
    "orderAmount": "300.00",
    "status": "40",
    "timestamp": "1763012436"
  },
  "query": {},
  "response": {
    "receivedOrder": "20251011215322567727242",
    "statusFromGateway": 40
  }
}
{
  "time": "2025-11-13T06:20:21.234Z",
  "ip": "35.200.219.25",
  "url": "/api/webapi/payment/top/withdrawNotify",
  "method": "POST",
  "body": {
    "orderType": "2",
    "merchantCode": "S820251025125903000005",
    "sign": "UPXYWiNEfCd090Bmx4TT3ORj3HPepmNXERnpiBw0VCfBNhu6hYU/tmq11III9bvlduBa9/tMHM97vI3o/q9kFaA6I3qRJ/L6RksjWbeXORBNgQJhWiOU4S1h1jdvb6uhLtX8QTf9wXZbX8fUr04VyGUxkGxh3+ycJlOOt1CUrSa/Q7sOw2t7ydnp6kZIvZYKVdJyNCm0mHl044nJ1pRnDoLoluRuqm1JhYrGXdazoTHnSgPXNTHkQwrXPeEhrF/fQzwNd4D9ZcCbUitWu+0X1JHFVzcrV0OLsqbfYWIOrd22LbDJ6rEvJLNgqmZIPO8pH8cVq5nPPW6ZbUEpZr6viA==",
    "orderNum": "20251011332117992272361",
    "realAmount": "315.00",
    "platOrderNum": "LOAN1438533675717087232",
    "utr": "101958351768",
    "orderAmount": "300.00",
    "status": "30",
    "timestamp": "1763014821"
  },
  "query": {},
  "response": {
    "receivedOrder": "20251011332117992272361",
    "statusFromGateway": 30
  }
}
{
  "time": "2025-11-13T06:28:19.411Z",
  "ip": "35.200.219.25",
  "url": "/api/webapi/payment/top/withdrawNotify",
  "method": "POST",
  "body": {
    "orderType": "2",
    "merchantCode": "S820251025125903000005",
    "sign": "MbAH+suwnRlOXtDHpFRsyU6SbqgdZGCyY5iUOqVokkWJvR8dQm8B4uZsB0RzEe23Eoqgx9yUpZGqROab2f+jTrpZr7bzb7QUtKFtMI+aomF22Obgt7iGJ7g4EqNAI05ZhX9uSip83nRf3FWCM4OxydNFqHozzCNxH0fGvJHIZLsbSxe0/EYWg3GkP2O1pi3InGQl7pip3qDjVLe1yeEssBVXV4RI0xTKEiRVVwTIln0koCqCoRPUoWp8G1XDYGx6E4XrUNfoP3d+VV6LT0OEtyiXsEtpt7q8r3dyne00lcuSM1jmlq/wMlJTh3+QPXrfuyjRqn7YfgBZnFR9q69zRw==",
    "orderNum": "20251011387320296122451",
    "realAmount": "315.00",
    "platOrderNum": "LOAN1438535273595916288",
    "utr": "531709046059",
    "orderAmount": "300.00",
    "status": "30",
    "timestamp": "1763015299"
  },
  "query": {},
  "response": {
    "receivedOrder": "20251011387320296122451",
    "statusFromGateway": 30
  }
}
{
  "time": "2025-11-13T09:15:45.134Z",
  "ip": "35.200.219.25",
  "url": "/api/webapi/payment/top/withdrawNotify",
  "method": "POST",
  "body": {
    "orderType": "2",
    "merchantCode": "S820251025125903000005",
    "sign": "VF//+i1AG/wRSDWok4N0CVQ/IR57xkKkKDPbIvxPT4eVYaSjIN6kgmit7FjARisrTimehEQvFwu6FbYLNhq4atYlWdN6kO/RX2LXCHi+9vxnNAqaCshsShJaslVtGjBCMoFDBM+WVvLF0elYYCeUzYYjYgSc4ELxd0HCKjzXvazOVLChB2EG/kEpwAGerKw4pg+beYkvA5up4gygD1kTU2RH+hTnuBo66yOO0vRXua8u55Y8+5jST+kQtf15Eu+ZqYFHArVMGPssLlHxnz87MG2OUcLNrDwuOLFidKQbUsHYAzMpkVFZvBIqzKhL7ulDNJKZ1WkMEuLCMokhfyAKXA==",
    "orderNum": "20251011323942755123215",
    "realAmount": "315.00",
    "platOrderNum": "LOAN1438577709460434944",
    "utr": "101959725909",
    "orderAmount": "300.00",
    "status": "30",
    "timestamp": "1763025345"
  },
  "query": {},
  "response": {
    "receivedOrder": "20251011323942755123215",
    "statusFromGateway": 30
  }
}
{
  "time": "2025-11-13T10:26:18.422Z",
  "ip": "27.58.79.255",
  "url": "/api/webapi/payment/top/withdrawNotify",
  "method": "POST",
  "body": {
    "orderType": "2",
    "merchantCode": "S820251025125903000005",
    "sign": "VF//+i1AG/wRSDWok4N0CVQ/IR57xkKkKDPbIvxPT4eVYaSjIN6kgmit7FjARisrTimehEQvFwu6FbYLNhq4atYlWdN6kO/RX2LXCHi+9vxnNAqaCshsShJaslVtGjBCMoFDBM+WVvLF0elYYCeUzYYjYgSc4ELxd0HCKjzXvazOVLChB2EG/kEpwAGerKw4pg+beYkvA5up4gygD1kTU2RH+hTnuBo66yOO0vRXua8u55Y8+5jST+kQtf15Eu+ZqYFHArVMGPssLlHxnz87MG2OUcLNrDwuOLFidKQbUsHYAzMpkVFZvBIqzKhL7ulDNJKZ1WkMEuLCMokhfyAKXA==",
    "orderNum": "20251011323942755123215",
    "realAmount": "315.00",
    "platOrderNum": "LOAN1438577709460434944",
    "utr": "101959725909",
    "orderAmount": "300.00",
    "status": "30",
    "timestamp": "1763025345"
  },
  "query": {},
  "response": {
    "receivedOrder": "20251011323942755123215",
    "statusFromGateway": 30
  }
}
{
  "time": "2025-11-13T10:50:34.712Z",
  "ip": "35.200.219.25",
  "url": "/api/webapi/payment/top/withdrawNotify",
  "method": "POST",
  "body": {
    "orderType": "2",
    "merchantCode": "S820251025125903000005",
    "sign": "bClcjP+7MAcBjrbSHPg2H73clTOWhpZxy+v6wmAOpfYQZBbKi4dfeya921OfAlH7tyVOjtnd58+tveutXEW+6o+R4GTO5CTKoHywQosnwaF3szA3aVZEhFG7WWrk9y6Qn2IR0wAVOdTyAdE9dSjKIantVWc6NOrov6XMLHvnCaDzRbMKVp3mkJWaQY5fCMB8q9vbvVDcl3D1Iua4chMsOMqwLub9a9D9ZNyC5UYYd3y9pr6Ib/2+LIbJgtgXHFt85hYJFpIGKs2oWyHqGUVYvK0D5qh8n0XaZygWiG1cSEVPC/MjKit4g+RDrLLsbjo/reOPshxO6fInZ3mj2iGCOg==",
    "orderNum": "20251011363102778534804",
    "realAmount": "315.00",
    "platOrderNum": "LOAN1438601371517399040",
    "utr": "531716600216",
    "orderAmount": "300.00",
    "status": "30",
    "timestamp": "1763031034"
  },
  "query": {},
  "response": {
    "receivedOrder": "20251011363102778534804",
    "statusFromGateway": 30,
    "utr": "531716600216",
    "realAmount": "315.00",
    "orderAmount": "300.00"
  }
}
{
  "time": "2025-11-13T11:06:19.536Z",
  "ip": "27.58.79.255",
  "url": "/api/webapi/payment/top/withdrawNotify",
  "method": "POST",
  "body": {
    "orderType": "2",
    "merchantCode": "S820251025125903000005",
    "sign": "bClcjP+7MAcBjrbSHPg2H73clTOWhpZxy+v6wmAOpfYQZBbKi4dfeya921OfAlH7tyVOjtnd58+tveutXEW+6o+R4GTO5CTKoHywQosnwaF3szA3aVZEhFG7WWrk9y6Qn2IR0wAVOdTyAdE9dSjKIantVWc6NOrov6XMLHvnCaDzRbMKVp3mkJWaQY5fCMB8q9vbvVDcl3D1Iua4chMsOMqwLub9a9D9ZNyC5UYYd3y9pr6Ib/2+LIbJgtgXHFt85hYJFpIGKs2oWyHqGUVYvK0D5qh8n0XaZygWiG1cSEVPC/MjKit4g+RDrLLsbjo/reOPshxO6fInZ3mj2iGCOg==",
    "orderNum": "20251011363102778534804",
    "realAmount": "315.00",
    "platOrderNum": "LOAN1438601371517399040",
    "utr": "531716600216",
    "orderAmount": "300.00",
    "status": "30",
    "timestamp": "1763031034"
  },
  "query": {},
  "response": {
    "receivedOrder": "20251011363102778534804",
    "statusFromGateway": 30,
    "utr": "531716600216",
    "realAmount": "315.00",
    "orderAmount": "300.00"
  }
}
{
  "time": "2025-11-13T11:06:38.700Z",
  "ip": "27.58.79.255",
  "url": "/api/webapi/payment/top/withdrawNotify",
  "method": "POST",
  "body": {
    "orderType": "2",
    "merchantCode": "S820251025125903000005",
    "sign": "bClcjP+7MAcBjrbSHPg2H73clTOWhpZxy+v6wmAOpfYQZBbKi4dfeya921OfAlH7tyVOjtnd58+tveutXEW+6o+R4GTO5CTKoHywQosnwaF3szA3aVZEhFG7WWrk9y6Qn2IR0wAVOdTyAdE9dSjKIantVWc6NOrov6XMLHvnCaDzRbMKVp3mkJWaQY5fCMB8q9vbvVDcl3D1Iua4chMsOMqwLub9a9D9ZNyC5UYYd3y9pr6Ib/2+LIbJgtgXHFt85hYJFpIGKs2oWyHqGUVYvK0D5qh8n0XaZygWiG1cSEVPC/MjKit4g+RDrLLsbjo/reOPshxO6fInZ3mj2iGCOg==",
    "orderNum": "20251011363102778534804",
    "realAmount": "315.00",
    "platOrderNum": "LOAN1438601371517399040",
    "utr": "531716600216",
    "orderAmount": "300.00",
    "status": "30",
    "timestamp": "1763031034"
  },
  "query": {},
  "response": {
    "receivedOrder": "20251011363102778534804",
    "statusFromGateway": 30
  }
}
{
  "time": "2025-11-13T11:32:15.948Z",
  "ip": "35.200.219.25",
  "url": "/api/webapi/payment/top/withdrawNotify",
  "method": "POST",
  "body": {
    "orderType": "2",
    "merchantCode": "S820251025125903000005",
    "sign": "WlW3shU1PRAxmvqyisof/cRgMA3/RKn9rGAY5lfi9+Y/w26mO/JHc7gVtgm6TC6TG1IyFYl/9+lZpT6FAyY9QIJrUfENCRkzgAfKCeUsHJqXRZpiK80rp9kQ+d9Ar9uZKFQF5ig5kYpcmdCUFDlEmoOsuySegkv0KGTN0r3e5II9EKKeqCbDUl73BoxfZkx4+iHkIG72FtNl6qD4OGLPPY33O6zoRCFo5gxMEBlOHSGNeRj67z0YMRjwXWS/1Wp/zrddfHrg+veqPsaVlxx6ys9rFAaXgaU/XE/aEFjiqC9JM4pjb66iXxFSru/R8NKYUrcE6IrvjebwtEtR/483bw==",
    "orderNum": "20251011360272504126039",
    "realAmount": "315.00",
    "platOrderNum": "LOAN1438606130791960576",
    "utr": "101960847640",
    "orderAmount": "300.00",
    "status": "30",
    "timestamp": "1763033535"
  },
  "query": {},
  "response": {
    "receivedOrder": "20251011360272504126039",
    "statusFromGateway": 30
  }
}
