{
  "time": "2025-11-12T11:37:36.428Z",
  "ip": "27.58.79.255",
  "url": "/api/webapi/payment/top/withdrawNotify",
  "method": "POST",
  "body": {
    "order_currency": "INR",
    "order_amount": 10.34,
    "customer_details": {
      "customer_id": "7112AAA812234",
      "customer_phone": "9898989898"
    }
  },
  "query": {},
  "response": {
    "receivedId": "unknown_id"
  }
}
{
  "time": "2025-11-12T11:40:45.646Z",
  "ip": "27.58.79.255",
  "url": "/api/webapi/payment/top/withdrawNotify",
  "method": "POST",
  "body": {
    "order_currency": "INR",
    "order_amount": 10.34,
    "customer_details": {
      "customer_id": "7112AAA812234",
      "customer_phone": "9898989898"
    }
  },
  "query": {},
  "response": {
    "receivedId": "unknown_id"
  }
}
